SF:lib/src/core/services/token_storage_service.dart
DA:14,5
DA:29,1
DA:33,2
DA:34,2
DA:35,2
DA:42,1
DA:43,2
DA:49,1
DA:50,2
DA:56,1
DA:57,2
DA:63,1
DA:64,2
DA:70,1
DA:71,2
DA:72,2
DA:73,2
DA:80,1
DA:81,2
DA:87,1
DA:88,1
DA:89,1
DA:96,1
DA:97,1
LF:24
LH:24
end_of_record
SF:lib/config/config.dart
DA:4,4
DA:6,4
DA:8,4
DA:15,1
DA:17,1
DA:19,1
DA:26,1
DA:28,1
DA:30,1
LF:9
LH:9
end_of_record
SF:lib/l10n/app_localizations.dart
DA:65,5
DA:66,10
DA:70,19
DA:71,19
DA:1286,3
DA:1288,5
DA:1290,10
DA:1293,5
DA:1295,15
DA:1297,0
DA:1301,5
DA:1303,5
DA:1304,5
DA:1305,2
DA:1306,3
DA:1307,3
DA:1310,0
LF:17
LH:15
end_of_record
SF:lib/l10n/app_localizations_en.dart
DA:9,4
DA:11,0
DA:14,0
DA:17,0
DA:20,1
DA:23,0
DA:26,0
DA:29,0
DA:32,0
DA:35,0
DA:38,0
DA:41,1
DA:44,0
DA:47,0
DA:50,0
DA:53,0
DA:56,0
DA:59,0
DA:62,0
DA:65,1
DA:68,0
DA:71,0
DA:74,0
DA:77,0
DA:80,0
DA:83,0
DA:86,0
DA:89,0
DA:92,0
DA:95,0
DA:98,0
DA:101,0
DA:104,0
DA:107,0
DA:110,0
DA:113,0
DA:116,0
DA:119,0
DA:122,0
DA:125,0
DA:128,0
DA:131,0
DA:135,0
DA:138,0
DA:141,0
DA:144,0
DA:147,0
DA:150,0
DA:153,0
DA:156,0
DA:159,0
DA:162,0
DA:165,0
DA:168,0
DA:170,0
DA:173,0
DA:176,0
DA:179,0
DA:182,0
DA:185,0
DA:188,0
DA:191,0
DA:194,0
DA:197,0
DA:200,0
DA:203,0
DA:206,0
DA:209,0
DA:212,0
DA:215,0
DA:218,0
DA:221,0
DA:224,0
DA:227,0
DA:230,0
DA:233,0
DA:236,0
DA:239,0
DA:242,0
DA:245,0
DA:248,0
DA:251,0
DA:254,0
DA:257,0
DA:260,0
DA:263,0
DA:266,0
DA:269,0
DA:272,0
DA:275,0
DA:278,0
DA:281,0
DA:284,0
DA:287,0
DA:290,0
DA:293,0
DA:296,0
DA:299,0
DA:302,0
DA:305,0
DA:308,0
DA:311,0
DA:314,0
DA:317,0
DA:320,0
DA:323,0
DA:326,0
DA:329,0
DA:331,0
DA:334,0
DA:337,0
DA:340,0
DA:343,0
DA:346,0
DA:349,0
DA:352,0
DA:355,0
DA:358,0
DA:361,0
DA:364,0
DA:367,0
DA:370,0
DA:373,1
DA:376,1
DA:379,1
DA:382,1
DA:385,0
DA:388,0
DA:391,1
DA:394,1
DA:397,0
DA:400,0
DA:403,1
DA:406,1
DA:409,0
DA:413,0
DA:416,0
DA:419,1
DA:422,1
DA:425,0
DA:428,0
DA:431,0
DA:434,0
DA:437,0
DA:440,0
DA:443,0
DA:446,0
DA:449,0
DA:452,0
DA:455,0
DA:458,0
DA:461,0
DA:464,0
DA:467,0
DA:470,0
DA:473,0
DA:476,0
DA:480,0
DA:483,0
DA:486,0
DA:489,0
DA:492,0
DA:495,0
DA:498,0
DA:501,0
DA:504,0
DA:507,1
DA:510,1
DA:513,1
DA:516,0
DA:519,0
DA:522,1
DA:525,1
DA:528,1
DA:531,1
DA:534,1
DA:537,1
DA:540,1
DA:543,1
DA:546,1
DA:549,1
DA:552,1
DA:555,1
DA:558,1
DA:561,1
DA:565,0
DA:568,0
DA:571,0
DA:574,0
DA:578,0
DA:581,0
DA:584,0
DA:587,0
DA:590,0
DA:593,0
DA:596,0
DA:599,0
DA:602,0
DA:605,0
DA:608,0
LF:200
LH:31
end_of_record
SF:lib/l10n/app_localizations_ru.dart
DA:9,6
DA:11,3
DA:14,1
DA:17,0
DA:20,0
DA:23,0
DA:26,1
DA:29,3
DA:32,1
DA:35,0
DA:38,0
DA:41,2
DA:44,0
DA:47,0
DA:50,0
DA:53,0
DA:56,1
DA:59,1
DA:62,0
DA:65,1
DA:68,1
DA:71,1
DA:74,0
DA:77,0
DA:80,1
DA:83,1
DA:86,1
DA:89,1
DA:92,1
DA:95,1
DA:98,1
DA:101,1
DA:104,0
DA:107,0
DA:111,0
DA:114,0
DA:117,0
DA:120,1
DA:123,1
DA:126,0
DA:129,0
DA:133,0
DA:137,1
DA:140,1
DA:143,1
DA:146,0
DA:149,0
DA:152,1
DA:155,0
DA:158,0
DA:161,0
DA:164,1
DA:167,1
DA:170,1
DA:172,1
DA:175,1
DA:178,1
DA:181,1
DA:184,1
DA:187,1
DA:190,2
DA:193,2
DA:196,2
DA:199,0
DA:202,0
DA:205,0
DA:208,0
DA:211,0
DA:214,0
DA:217,0
DA:220,0
DA:223,0
DA:226,0
DA:229,0
DA:232,0
DA:235,0
DA:238,0
DA:241,0
DA:244,0
DA:247,0
DA:250,0
DA:253,0
DA:256,0
DA:259,0
DA:262,0
DA:266,0
DA:269,0
DA:272,0
DA:275,0
DA:278,0
DA:281,0
DA:284,0
DA:287,0
DA:290,0
DA:293,0
DA:297,0
DA:300,0
DA:303,0
DA:306,0
DA:310,0
DA:313,0
DA:316,0
DA:319,0
DA:322,0
DA:325,0
DA:328,0
DA:331,0
DA:334,0
DA:336,0
DA:339,0
DA:342,0
DA:345,0
DA:348,0
DA:351,0
DA:354,0
DA:357,0
DA:360,0
DA:363,0
DA:366,0
DA:369,0
DA:372,0
DA:375,0
DA:378,0
DA:381,0
DA:384,0
DA:387,0
DA:390,0
DA:393,0
DA:396,0
DA:399,0
DA:402,0
DA:405,0
DA:408,0
DA:411,0
DA:414,0
DA:418,0
DA:421,0
DA:424,0
DA:427,0
DA:430,0
DA:433,0
DA:436,0
DA:439,0
DA:442,0
DA:445,0
DA:448,0
DA:451,0
DA:454,0
DA:457,0
DA:460,0
DA:463,0
DA:466,0
DA:469,0
DA:472,0
DA:475,0
DA:478,0
DA:481,0
DA:485,0
DA:488,0
DA:491,0
DA:494,0
DA:497,0
DA:500,0
DA:503,0
DA:506,0
DA:509,0
DA:512,0
DA:515,0
DA:518,0
DA:521,0
DA:524,0
DA:527,0
DA:530,0
DA:533,0
DA:536,0
DA:539,0
DA:542,0
DA:546,0
DA:549,0
DA:552,0
DA:555,0
DA:558,0
DA:561,0
DA:564,0
DA:567,0
DA:571,0
DA:574,0
DA:578,0
DA:582,0
DA:586,0
DA:589,0
DA:592,0
DA:595,0
DA:598,0
DA:601,0
DA:604,0
DA:607,0
DA:610,0
DA:613,0
DA:616,0
LF:200
LH:38
end_of_record
SF:lib/src/app.dart
DA:14,0
DA:16,1
DA:17,1
DA:21,1
DA:23,1
DA:25,3
DA:26,5
DA:30,1
DA:32,1
DA:37,1
DA:38,1
DA:56,1
LF:12
LH:11
end_of_record
SF:lib/src/core/theme/mindwell_theme.dart
DA:13,0
DA:16,5
DA:20,5
DA:27,5
DA:30,5
DA:31,5
DA:32,5
DA:33,10
DA:34,5
DA:44,5
DA:51,5
DA:56,5
DA:57,5
DA:62,5
DA:63,5
DA:70,5
DA:74,5
DA:75,5
DA:82,5
DA:86,5
DA:87,5
DA:93,5
DA:105,5
DA:107,5
DA:129,10
DA:130,5
DA:132,10
DA:133,5
DA:135,10
DA:136,5
DA:141,5
DA:142,5
DA:143,5
DA:144,10
DA:145,5
DA:146,10
DA:147,5
DA:149,10
DA:150,5
DA:155,10
DA:160,5
DA:165,10
DA:166,5
DA:168,10
DA:169,5
DA:171,10
DA:172,5
DA:177,5
DA:178,5
DA:179,5
DA:180,5
DA:181,5
DA:182,5
DA:188,5
DA:189,5
DA:190,5
DA:191,5
DA:192,0
DA:193,0
DA:195,0
DA:197,5
DA:198,0
DA:214,5
DA:215,5
DA:227,5
DA:228,5
DA:233,10
DA:234,5
DA:236,10
DA:237,5
DA:242,5
DA:243,5
DA:254,5
DA:255,5
DA:256,10
DA:257,5
DA:259,5
DA:289,5
DA:293,5
DA:300,5
DA:303,5
DA:304,5
DA:305,5
DA:306,10
DA:307,5
DA:317,5
DA:324,5
DA:329,5
DA:330,5
DA:335,5
DA:336,5
DA:343,5
DA:347,5
DA:348,5
DA:355,5
DA:359,5
DA:360,5
DA:366,5
DA:378,5
DA:380,5
DA:402,10
DA:403,5
DA:405,10
DA:406,5
DA:408,10
DA:409,5
DA:414,5
DA:415,5
DA:416,5
DA:417,10
DA:418,5
DA:419,10
DA:420,5
DA:422,10
DA:423,5
DA:428,10
DA:433,5
DA:438,10
DA:439,5
DA:441,10
DA:442,5
DA:444,10
DA:445,5
DA:450,5
DA:451,5
DA:452,5
DA:453,5
DA:454,5
DA:455,5
DA:461,5
DA:462,5
DA:463,5
DA:464,5
DA:465,0
DA:466,0
DA:468,0
DA:470,5
DA:471,0
DA:487,5
DA:488,5
DA:500,5
DA:501,5
DA:506,10
DA:507,5
DA:509,10
DA:510,5
DA:515,5
DA:516,5
DA:527,5
DA:528,5
DA:529,10
DA:530,5
DA:532,5
DA:562,0
DA:563,0
DA:570,0
DA:571,0
DA:572,0
DA:573,0
DA:574,0
DA:575,0
LF:161
LH:144
end_of_record
SF:lib/src/core/router/app_router.dart
DA:19,6
DA:21,2
DA:23,2
DA:24,4
DA:32,4
DA:35,2
DA:36,1
DA:40,1
DA:44,2
DA:46,2
DA:52,1
DA:54,1
DA:60,1
DA:62,1
DA:70,2
DA:72,2
DA:73,1
DA:74,1
DA:75,1
DA:78,2
DA:79,2
DA:82,1
DA:84,2
DA:87,1
DA:89,2
DA:92,1
DA:94,2
DA:97,1
DA:99,2
DA:102,0
DA:104,2
DA:107,0
DA:108,0
DA:109,0
DA:112,2
DA:115,0
DA:116,0
DA:118,0
DA:120,0
DA:122,0
DA:124,0
DA:127,2
DA:130,0
DA:131,0
DA:133,0
DA:135,0
DA:137,0
DA:139,0
DA:140,0
DA:147,2
DA:150,0
DA:152,2
DA:155,0
DA:157,2
DA:160,0
DA:161,0
DA:162,0
DA:172,2
DA:173,2
DA:174,2
DA:175,2
DA:178,2
DA:180,2
DA:183,2
DA:185,2
DA:188,0
DA:190,2
DA:193,0
DA:194,0
DA:196,0
DA:198,0
DA:200,0
DA:202,0
DA:203,0
DA:209,2
DA:212,0
DA:213,0
DA:214,0
DA:224,2
DA:227,1
DA:229,2
DA:232,1
DA:237,2
DA:238,1
DA:248,3
DA:250,1
DA:287,3
DA:289,1
DA:326,3
DA:328,1
DA:367,1
DA:373,1
DA:375,1
DA:376,1
DA:377,1
DA:378,2
DA:381,1
DA:382,1
DA:384,1
DA:391,1
DA:392,1
DA:399,1
DA:400,2
DA:408,1
DA:409,2
DA:410,2
LF:106
LH:73
end_of_record
SF:lib/src/features/auth/providers/auth_provider.dart
DA:14,18
DA:15,3
DA:16,6
DA:17,6
DA:18,6
DA:19,6
DA:42,6
DA:51,6
DA:64,1
DA:65,1
DA:69,2
DA:71,1
DA:72,1
DA:77,1
DA:78,2
DA:79,0
DA:83,2
DA:84,1
DA:85,1
DA:89,2
DA:90,1
DA:92,0
DA:96,2
DA:97,2
DA:98,2
DA:99,2
DA:100,2
DA:101,2
DA:102,2
DA:105,2
DA:107,3
DA:122,1
DA:123,1
DA:127,2
DA:133,1
DA:135,0
DA:139,1
DA:141,3
DA:150,1
DA:152,2
DA:153,1
DA:156,1
DA:166,2
DA:168,4
DA:170,2
DA:175,2
DA:176,1
DA:179,0
DA:180,0
DA:185,2
DA:186,2
DA:187,2
DA:188,2
DA:189,2
DA:190,2
DA:191,2
DA:194,2
DA:197,2
DA:198,1
DA:211,1
DA:213,2
DA:218,2
DA:220,1
DA:221,1
DA:225,1
DA:226,2
DA:230,2
DA:231,1
DA:232,1
DA:250,1
DA:253,2
DA:259,2
DA:261,1
DA:262,1
DA:265,1
DA:266,1
DA:271,3
DA:273,1
DA:286,1
DA:287,1
DA:288,2
DA:289,1
DA:291,1
DA:293,1
DA:295,1
DA:302,0
DA:303,0
LF:87
LH:80
end_of_record
SF:lib/src/core/api/api_provider.dart
DA:9,16
DA:10,4
DA:14,16
DA:15,8
DA:17,8
DA:18,8
DA:24,12
DA:32,16
DA:33,8
DA:34,4
DA:38,12
DA:39,6
DA:40,3
DA:44,12
DA:45,6
DA:46,3
DA:50,12
DA:51,6
DA:52,3
DA:56,13
DA:57,2
DA:58,1
DA:62,0
DA:63,0
DA:64,0
DA:68,0
DA:69,0
DA:70,0
DA:74,0
DA:75,0
DA:76,0
DA:89,5
DA:93,1
DA:97,2
DA:99,3
DA:100,1
DA:105,2
DA:107,3
DA:108,1
DA:113,1
DA:116,1
DA:120,1
DA:125,1
LF:43
LH:34
end_of_record
SF:lib/src/core/providers/auth_provider.dart
DA:9,5
DA:25,2
DA:30,2
DA:31,0
DA:32,0
DA:33,0
DA:37,0
DA:40,0
DA:41,0
DA:42,0
DA:43,0
DA:46,0
DA:48,0
DA:58,8
DA:61,2
DA:65,6
DA:73,0
DA:74,0
DA:79,0
DA:82,0
DA:87,14
DA:88,2
LF:22
LH:8
end_of_record
SF:lib/src/features/home/screens/home_screen.dart
DA:18,2
DA:26,3
DA:28,6
DA:29,3
DA:30,3
DA:32,3
DA:34,3
DA:35,5
DA:37,6
DA:38,6
DA:42,3
DA:43,0
DA:46,0
DA:49,3
DA:52,3
DA:54,0
DA:57,2
DA:63,3
DA:72,3
DA:73,1
DA:74,0
DA:77,2
DA:78,2
LF:23
LH:19
end_of_record
SF:lib/src/features/auth/screens/auth_screen.dart
DA:15,3
DA:24,2
DA:26,2
DA:27,2
DA:28,2
DA:31,1
DA:32,1
DA:33,1
DA:35,2
DA:37,2
DA:38,2
DA:39,2
DA:40,2
DA:42,2
DA:43,2
DA:45,2
DA:46,2
DA:47,2
DA:51,2
DA:56,2
DA:57,2
DA:58,2
DA:60,6
DA:63,6
DA:68,2
DA:69,2
DA:70,2
DA:73,2
DA:74,2
DA:75,4
DA:79,2
DA:80,2
DA:81,2
DA:83,2
DA:84,2
DA:86,2
DA:91,2
DA:108,2
DA:109,2
DA:111,2
DA:112,2
DA:113,8
DA:114,8
DA:115,2
DA:116,2
DA:119,2
DA:120,2
DA:121,2
DA:123,2
DA:128,2
DA:139,2
DA:140,2
DA:141,2
DA:142,2
DA:144,1
DA:145,1
DA:147,2
DA:148,2
DA:150,2
DA:153,2
DA:154,4
DA:155,2
DA:157,2
DA:160,2
DA:167,2
DA:169,6
DA:171,2
DA:178,2
DA:180,6
DA:181,2
LF:70
LH:70
end_of_record
SF:lib/src/features/entries/screens/entry_feed_screen.dart
DA:28,4
DA:30,4
DA:31,4
DA:45,4
DA:47,4
DA:50,4
DA:51,9
DA:53,8
DA:59,8
DA:60,3
DA:62,6
DA:65,0
DA:66,0
DA:67,0
DA:73,4
DA:75,8
DA:76,4
DA:80,4
DA:81,8
DA:83,6
DA:84,3
DA:86,1
DA:88,1
DA:91,0
DA:95,1
DA:99,4
DA:101,4
DA:104,4
DA:108,4
DA:111,11
DA:112,3
DA:113,2
DA:115,0
DA:120,1
DA:121,1
DA:122,1
DA:123,1
DA:129,1
DA:130,1
DA:131,1
DA:138,1
DA:158,1
DA:160,1
DA:161,1
DA:168,1
DA:173,1
DA:174,0
DA:175,0
DA:177,0
DA:178,0
DA:181,0
DA:185,0
DA:187,0
DA:188,0
DA:191,0
DA:195,0
DA:197,0
DA:198,0
DA:201,0
DA:209,1
DA:211,1
DA:212,1
DA:213,1
DA:227,3
DA:228,1
DA:229,1
DA:231,1
DA:237,1
DA:238,1
DA:239,3
DA:240,1
DA:241,7
DA:243,2
DA:247,1
DA:255,1
DA:257,1
DA:258,1
DA:268,4
DA:271,4
DA:272,3
DA:274,2
DA:275,1
DA:277,2
DA:278,1
DA:280,0
DA:281,0
DA:283,0
DA:284,0
DA:289,8
DA:290,3
DA:297,0
DA:299,0
DA:300,0
DA:301,0
DA:304,0
DA:311,0
DA:313,0
DA:314,0
DA:316,0
DA:317,0
DA:319,0
DA:320,0
DA:326,0
DA:327,0
DA:329,0
DA:330,0
DA:331,0
DA:338,0
DA:339,0
DA:343,0
DA:344,0
DA:348,0
DA:350,0
DA:359,0
DA:360,0
DA:361,0
DA:365,0
DA:366,0
DA:367,0
DA:368,0
DA:369,0
DA:373,0
DA:374,0
DA:375,0
DA:376,0
DA:382,0
DA:383,0
DA:391,0
DA:411,0
DA:413,0
DA:414,0
DA:421,0
DA:426,0
DA:427,0
DA:428,0
DA:430,0
DA:431,0
DA:434,0
DA:438,0
DA:440,0
DA:441,0
DA:444,0
DA:448,0
DA:450,0
DA:451,0
DA:454,0
DA:464,0
DA:465,0
DA:467,0
DA:477,0
DA:479,0
DA:480,0
DA:490,3
DA:496,6
DA:497,3
DA:501,3
DA:502,0
DA:503,0
DA:504,0
DA:505,0
DA:509,3
DA:510,3
DA:511,3
DA:512,3
DA:518,3
DA:519,3
DA:527,3
DA:547,3
DA:549,3
DA:550,3
DA:557,3
DA:562,3
DA:563,0
DA:564,0
DA:566,0
DA:567,0
DA:570,0
DA:574,0
DA:576,0
DA:577,0
DA:580,0
DA:584,0
DA:586,0
DA:587,0
DA:590,0
DA:598,3
DA:600,3
DA:601,3
DA:602,3
DA:616,6
DA:617,3
DA:618,6
DA:620,3
DA:626,3
DA:627,3
DA:628,6
DA:629,3
DA:630,18
DA:632,12
DA:636,3
DA:644,1
DA:646,1
DA:647,1
DA:657,3
DA:659,3
DA:660,2
DA:661,3
DA:662,2
DA:663,3
DA:664,2
DA:665,1
DA:666,0
DA:667,1
DA:668,0
DA:669,1
DA:670,0
DA:671,1
DA:672,0
DA:673,1
DA:674,0
DA:675,1
DA:676,0
DA:677,1
DA:678,0
DA:689,4
DA:691,4
DA:692,12
DA:694,4
DA:695,12
DA:697,4
DA:699,4
DA:701,4
DA:705,0
LF:233
LH:124
end_of_record
SF:lib/src/features/entries/screens/entry_detail_screen.dart
DA:30,0
DA:36,1
DA:37,1
DA:43,1
DA:45,1
DA:46,3
DA:49,1
DA:51,2
DA:52,1
DA:55,0
DA:56,0
DA:57,0
DA:59,0
DA:63,1
DA:65,1
DA:66,6
DA:68,1
DA:69,1
DA:70,0
DA:71,2
DA:72,1
DA:73,1
DA:74,2
DA:79,1
DA:80,1
DA:81,1
DA:82,1
DA:85,1
DA:86,1
DA:87,1
DA:90,1
DA:92,1
DA:96,1
DA:97,1
DA:98,1
DA:103,1
DA:104,1
DA:106,1
DA:108,1
DA:110,1
DA:111,1
DA:114,1
DA:115,1
DA:117,1
DA:118,1
DA:119,1
DA:122,1
DA:124,1
DA:129,1
DA:130,1
DA:133,1
DA:135,1
DA:149,1
DA:150,1
DA:151,1
DA:152,1
DA:155,1
DA:157,1
DA:162,1
DA:163,1
DA:166,1
DA:168,1
DA:182,1
DA:191,1
DA:192,1
DA:193,1
DA:194,1
DA:195,2
DA:197,2
DA:199,0
DA:201,0
DA:204,1
DA:205,1
DA:207,0
DA:208,0
DA:209,0
DA:210,0
DA:211,0
DA:212,0
DA:213,0
DA:214,0
DA:215,0
DA:218,1
DA:219,2
DA:220,0
DA:223,0
DA:224,0
DA:226,0
DA:227,0
DA:228,0
DA:230,0
DA:232,0
DA:239,0
DA:240,0
DA:251,0
DA:252,0
DA:253,0
DA:264,1
DA:265,1
DA:271,1
DA:274,1
DA:275,1
DA:277,1
DA:279,1
DA:280,1
DA:282,1
DA:284,1
DA:286,1
DA:288,0
DA:289,0
DA:292,2
DA:293,0
DA:294,1
DA:303,1
DA:305,1
DA:306,1
DA:307,0
DA:308,0
DA:309,0
DA:310,0
DA:311,0
DA:314,0
DA:324,1
DA:338,1
DA:339,1
DA:342,1
DA:343,1
DA:344,1
DA:345,2
DA:347,3
DA:348,3
DA:352,1
DA:353,1
DA:355,1
DA:356,1
DA:357,1
DA:358,5
DA:362,2
DA:364,1
DA:365,2
DA:366,5
DA:367,4
DA:378,1
DA:379,1
DA:381,1
DA:383,4
DA:384,1
DA:385,1
DA:386,1
DA:387,1
DA:388,1
DA:389,1
DA:390,1
DA:393,1
DA:394,1
DA:396,1
DA:397,1
DA:400,1
DA:401,1
DA:402,1
DA:410,3
DA:411,0
DA:416,4
DA:417,3
DA:424,0
DA:425,0
DA:426,0
DA:428,0
DA:431,0
DA:432,0
DA:437,0
DA:446,0
DA:447,0
DA:448,0
DA:450,0
DA:453,0
DA:461,0
DA:462,0
DA:463,0
DA:464,0
DA:465,0
DA:468,1
DA:470,1
DA:473,1
DA:474,1
DA:477,4
DA:481,1
DA:482,1
DA:483,2
DA:484,1
DA:486,1
DA:487,4
DA:488,1
DA:490,1
DA:491,1
DA:492,5
DA:493,4
DA:501,1
DA:502,1
DA:503,0
DA:504,0
DA:505,1
DA:508,2
DA:509,0
DA:511,0
DA:512,0
DA:513,0
DA:514,0
DA:515,0
DA:519,0
DA:521,0
DA:522,0
DA:528,0
DA:529,0
DA:530,0
DA:531,0
DA:541,1
DA:542,1
DA:544,1
DA:545,1
DA:546,1
DA:547,0
DA:549,2
DA:551,1
DA:552,1
DA:553,5
DA:557,1
DA:558,0
DA:560,2
DA:566,1
DA:567,1
DA:569,2
DA:573,1
DA:574,1
DA:577,1
DA:578,2
DA:579,4
DA:587,0
DA:588,0
DA:590,0
DA:592,0
DA:593,0
DA:594,0
DA:595,0
DA:596,0
DA:600,0
DA:601,0
DA:602,0
DA:603,0
DA:604,0
DA:610,0
DA:611,0
DA:612,0
DA:613,0
DA:621,0
DA:622,0
DA:623,0
DA:624,0
DA:634,1
DA:640,1
DA:642,1
DA:643,1
DA:644,0
DA:645,5
DA:652,1
DA:658,0
DA:659,0
DA:660,0
DA:661,0
DA:662,1
DA:663,0
DA:664,0
DA:665,0
DA:671,1
DA:672,2
DA:673,1
DA:674,1
DA:683,1
DA:689,1
DA:690,1
DA:692,1
DA:694,1
DA:695,1
DA:698,3
DA:701,1
DA:702,0
DA:703,4
DA:708,1
DA:710,4
DA:711,3
DA:716,1
DA:717,0
DA:726,1
DA:727,3
DA:728,1
DA:729,1
DA:731,2
DA:732,2
DA:733,0
DA:734,0
DA:735,0
DA:736,0
DA:742,0
DA:743,0
DA:746,0
DA:747,0
DA:750,1
DA:752,4
DA:755,0
DA:756,0
DA:757,0
DA:758,0
DA:759,0
DA:762,0
DA:763,0
DA:764,0
DA:767,0
DA:774,0
DA:775,0
DA:778,0
DA:780,0
DA:783,0
DA:785,0
DA:789,0
DA:790,0
DA:791,0
DA:797,0
DA:798,0
DA:799,0
DA:800,0
DA:807,0
DA:809,0
DA:810,0
DA:811,0
DA:812,0
DA:813,0
DA:819,0
DA:824,0
DA:826,0
DA:827,0
DA:831,0
DA:832,0
DA:833,0
DA:837,0
DA:838,0
DA:839,0
DA:840,0
DA:841,0
DA:842,0
DA:848,0
DA:849,0
DA:850,0
DA:851,0
DA:852,0
DA:853,0
DA:859,0
DA:860,0
DA:861,0
DA:862,0
DA:863,0
DA:864,0
DA:870,0
DA:871,0
DA:872,0
DA:873,0
DA:874,0
DA:875,0
DA:881,0
DA:883,0
DA:888,0
DA:889,0
DA:890,0
DA:891,0
DA:892,0
DA:893,0
DA:900,0
DA:901,0
DA:902,0
DA:903,0
DA:904,0
DA:905,0
DA:911,0
DA:913,0
DA:918,0
DA:919,0
DA:920,0
DA:921,0
DA:922,0
DA:928,0
DA:930,0
DA:935,0
DA:936,0
DA:937,0
DA:938,0
DA:939,0
DA:940,0
DA:941,0
DA:948,0
DA:949,0
DA:950,0
DA:951,0
DA:952,0
DA:953,0
DA:954,0
DA:962,0
DA:963,0
DA:965,0
LF:407
LH:195
end_of_record
SF:lib/src/features/entries/screens/entry_editor_screen.dart
DA:27,4
DA:33,1
DA:34,1
DA:43,1
DA:45,1
DA:46,2
DA:47,2
DA:48,2
DA:49,2
DA:52,3
DA:55,3
DA:56,8
DA:57,1
DA:58,0
DA:59,0
DA:60,1
DA:62,0
DA:67,0
DA:69,0
DA:70,0
DA:73,1
DA:75,3
DA:76,2
DA:77,2
DA:78,2
DA:79,2
DA:80,1
DA:84,0
DA:86,0
DA:88,0
DA:89,0
DA:90,0
DA:91,0
DA:100,0
DA:102,0
DA:104,0
DA:105,0
DA:106,0
DA:107,0
DA:116,0
DA:117,0
DA:118,0
DA:120,0
DA:121,0
DA:122,0
DA:124,0
DA:126,0
DA:130,1
DA:132,1
DA:133,8
DA:136,8
DA:137,0
DA:138,0
DA:139,0
DA:140,0
DA:142,0
DA:143,0
DA:147,0
DA:148,0
DA:150,0
DA:153,0
DA:154,0
DA:156,0
DA:157,0
DA:158,0
DA:165,0
DA:167,0
DA:170,0
DA:171,0
DA:174,0
DA:178,0
DA:180,0
DA:181,0
DA:182,0
DA:189,0
DA:191,0
DA:193,0
DA:194,0
DA:195,0
DA:198,0
DA:199,0
DA:201,0
DA:202,0
DA:212,1
DA:213,1
DA:214,1
DA:215,2
DA:216,1
DA:217,1
DA:221,1
DA:223,1
DA:225,0
DA:226,0
DA:228,0
DA:229,0
DA:232,1
DA:235,1
DA:236,1
DA:237,1
DA:239,2
DA:240,0
DA:242,1
DA:245,2
DA:248,1
DA:252,1
DA:253,1
DA:254,2
DA:255,1
DA:256,0
DA:257,0
DA:259,1
DA:260,1
DA:261,1
DA:262,0
DA:268,0
DA:270,0
DA:272,0
DA:282,0
DA:283,0
DA:292,2
DA:294,1
DA:295,1
DA:305,1
DA:306,0
DA:307,1
DA:308,2
DA:309,0
DA:310,0
DA:311,0
DA:312,2
DA:317,1
DA:318,8
DA:320,1
DA:321,0
DA:322,0
DA:323,1
DA:324,1
DA:325,0
DA:326,0
DA:327,0
DA:328,0
DA:332,1
DA:333,2
DA:335,1
DA:336,1
DA:338,1
DA:340,1
DA:341,1
DA:342,1
DA:343,1
DA:344,1
DA:351,0
DA:352,0
DA:358,1
DA:360,1
DA:362,0
DA:363,0
DA:364,0
DA:365,0
DA:367,0
DA:368,0
DA:369,0
DA:370,0
DA:378,1
DA:380,1
DA:382,0
DA:383,0
DA:385,0
DA:386,0
DA:394,1
DA:395,1
DA:396,1
DA:398,1
DA:399,1
DA:403,1
DA:404,1
DA:406,1
DA:407,1
DA:408,1
DA:419,0
DA:420,0
DA:421,0
DA:423,0
DA:424,0
DA:425,0
DA:427,0
DA:430,0
DA:432,0
DA:433,0
DA:439,0
DA:441,0
DA:443,0
DA:444,0
DA:448,0
DA:449,0
DA:450,0
DA:459,0
DA:463,0
DA:464,0
DA:466,0
DA:467,0
DA:469,0
DA:471,0
DA:478,0
DA:479,0
DA:487,0
DA:488,0
DA:503,0
DA:504,0
DA:506,0
DA:507,0
DA:509,0
DA:511,0
DA:518,0
DA:519,0
DA:527,0
DA:528,0
DA:543,1
DA:544,2
DA:546,1
DA:547,1
DA:549,1
DA:551,1
DA:558,1
DA:559,1
DA:566,1
DA:575,1
DA:576,1
DA:577,0
DA:578,0
DA:581,2
DA:582,1
DA:590,1
DA:591,0
DA:593,2
DA:607,0
DA:612,0
DA:614,0
DA:615,0
DA:617,0
DA:618,0
DA:619,0
DA:620,0
DA:621,0
DA:622,0
DA:623,0
DA:624,0
DA:625,0
DA:629,0
DA:642,0
DA:644,0
DA:646,0
DA:647,0
DA:648,0
DA:649,0
DA:651,0
DA:660,0
DA:661,0
DA:662,0
DA:664,0
DA:665,0
DA:666,0
DA:668,0
DA:670,0
DA:677,0
DA:678,0
DA:689,0
DA:690,0
DA:698,0
DA:699,0
DA:701,0
DA:703,0
DA:705,0
DA:706,0
DA:708,0
DA:716,0
DA:717,0
DA:718,0
DA:720,0
DA:721,0
DA:723,0
DA:727,0
DA:728,0
DA:730,0
DA:731,0
DA:732,0
DA:733,0
DA:738,0
DA:740,0
DA:741,0
DA:742,0
DA:744,0
DA:745,0
DA:746,0
DA:747,0
DA:758,0
DA:761,0
DA:762,0
DA:765,0
DA:766,0
DA:767,0
DA:769,0
DA:771,0
DA:778,0
DA:779,0
DA:782,0
DA:784,0
DA:785,0
DA:786,0
DA:788,0
DA:789,0
DA:790,0
DA:791,0
DA:795,0
DA:801,0
DA:804,0
DA:805,0
DA:806,0
DA:807,0
DA:808,0
DA:812,0
DA:814,0
DA:815,0
DA:816,0
DA:817,0
DA:818,0
DA:824,0
DA:825,0
DA:826,0
DA:827,0
DA:828,0
DA:832,0
DA:835,0
DA:838,0
DA:839,0
DA:840,0
DA:841,0
DA:842,0
DA:846,0
DA:847,0
DA:848,0
DA:849,0
DA:850,0
DA:856,0
DA:857,0
DA:858,0
DA:859,0
DA:867,0
DA:868,0
DA:869,0
DA:870,0
DA:889,0
DA:890,0
DA:893,0
DA:894,0
DA:895,0
DA:896,0
DA:897,0
DA:899,0
DA:900,0
DA:901,0
DA:905,0
DA:906,0
DA:907,0
DA:909,0
DA:911,0
DA:912,0
DA:915,0
DA:918,0
DA:919,0
DA:920,0
DA:925,0
DA:927,0
DA:931,0
DA:932,0
DA:933,0
DA:941,0
DA:942,0
DA:944,0
DA:946,0
DA:947,0
DA:951,0
DA:963,0
DA:965,0
DA:966,0
DA:967,0
DA:968,0
DA:969,0
DA:970,0
DA:971,0
DA:972,0
DA:973,0
DA:974,0
DA:975,0
DA:976,0
DA:978,0
LF:396
LH:99
end_of_record
SF:lib/src/features/entries/models/feed_type.dart
DA:25,1
DA:27,1
DA:29,1
DA:31,1
DA:33,1
DA:35,1
DA:43,5
DA:45,5
DA:47,3
DA:49,3
DA:51,3
DA:52,3
DA:53,1
DA:54,1
LF:14
LH:14
end_of_record
SF:lib/src/core/services/entry_cache_service.dart
DA:18,0
DA:20,0
DA:21,0
DA:23,0
DA:33,1
DA:39,1
DA:40,1
DA:41,4
DA:42,2
DA:47,1
DA:48,0
DA:50,3
DA:58,1
DA:63,1
DA:64,1
DA:67,0
DA:71,0
DA:73,0
DA:74,0
DA:78,0
DA:80,0
DA:81,0
DA:85,0
DA:86,0
DA:88,0
DA:89,0
DA:90,0
DA:94,0
DA:96,0
DA:97,0
DA:102,0
DA:103,0
DA:104,0
DA:105,0
DA:107,0
DA:110,3
DA:116,1
DA:120,1
DA:121,0
DA:125,1
DA:127,1
DA:129,1
DA:130,0
DA:131,0
DA:135,0
DA:136,0
DA:139,0
DA:141,3
DA:146,1
DA:148,1
DA:149,0
DA:151,3
DA:156,0
DA:157,0
DA:158,0
DA:159,0
DA:163,0
DA:165,0
DA:166,0
DA:167,0
DA:168,0
DA:169,0
DA:174,0
DA:178,0
DA:179,0
DA:181,0
DA:182,0
DA:183,0
DA:184,0
DA:185,0
DA:186,0
DA:192,0
DA:198,1
DA:200,1
DA:201,1
DA:203,1
DA:204,0
DA:206,0
DA:207,0
DA:208,0
DA:209,0
DA:210,0
DA:211,0
DA:217,0
DA:218,0
DA:221,0
DA:222,0
DA:225,3
DA:230,1
DA:232,1
DA:233,0
DA:235,3
DA:240,1
DA:241,1
DA:245,1
DA:248,1
DA:249,2
DA:251,0
DA:257,0
DA:260,0
DA:261,0
DA:263,0
DA:269,0
DA:272,0
DA:274,0
DA:280,0
DA:284,0
DA:286,0
DA:295,0
DA:297,0
DA:298,0
DA:300,0
DA:303,0
DA:304,0
DA:306,0
DA:314,1
DA:316,1
DA:317,1
DA:323,0
DA:328,0
DA:329,0
DA:331,3
DA:339,0
DA:341,0
DA:342,0
DA:343,0
DA:345,0
LF:127
LH:37
end_of_record
SF:lib/src/core/services/image_upload_service.dart
DA:10,0
DA:11,0
DA:12,0
DA:23,0
DA:33,0
DA:38,0
DA:40,0
DA:41,0
DA:42,0
DA:43,0
DA:44,0
DA:45,0
DA:50,0
DA:52,0
DA:55,0
DA:60,0
DA:72,0
DA:77,0
DA:79,0
DA:81,0
DA:84,0
DA:86,0
DA:87,0
DA:88,0
DA:89,0
DA:92,0
DA:94,0
DA:95,0
DA:98,0
DA:99,0
DA:102,0
DA:103,0
DA:111,0
DA:114,0
DA:120,0
DA:123,0
LF:36
LH:0
end_of_record
SF:lib/src/core/theme/color_schemes.dart
DA:9,0
DA:109,3
DA:136,0
DA:141,0
DA:146,0
DA:151,0
DA:154,0
DA:157,0
DA:160,0
LF:9
LH:1
end_of_record
SF:lib/src/core/theme/typography.dart
DA:9,0
DA:282,0
DA:283,0
DA:290,0
DA:291,0
DA:295,0
DA:301,0
LF:7
LH:0
end_of_record
SF:lib/src/core/theme/spacing.dart
DA:9,0
DA:122,0
DA:128,0
DA:176,0
LF:4
LH:0
end_of_record
SF:lib/src/core/widgets/bottom_nav_bar.dart
DA:17,3
DA:86,4
DA:88,8
DA:89,4
DA:90,4
DA:93,4
DA:97,2
DA:98,0
DA:99,0
DA:100,0
DA:102,0
DA:103,0
DA:104,0
DA:114,2
DA:115,2
DA:116,0
DA:118,4
DA:119,4
DA:120,4
DA:121,2
DA:122,6
DA:123,4
DA:126,6
DA:127,4
DA:136,0
DA:137,0
DA:138,0
DA:146,3
DA:148,3
DA:153,7
DA:155,2
DA:158,2
DA:161,2
DA:164,2
DA:175,3
LF:35
LH:25
end_of_record
SF:lib/src/core/widgets/buttons/button_size.dart
DA:16,8
DA:18,8
DA:20,8
DA:22,4
DA:28,8
DA:30,8
DA:32,8
DA:34,4
DA:40,8
DA:42,8
DA:44,8
DA:46,4
DA:52,4
DA:54,4
DA:56,4
DA:58,1
DA:64,8
DA:66,8
DA:68,8
DA:70,4
LF:20
LH:20
end_of_record
SF:lib/src/core/widgets/buttons/primary_button.dart
DA:39,5
DA:54,0
DA:68,0
DA:81,5
DA:83,5
DA:84,5
DA:87,15
DA:90,5
DA:91,5
DA:92,5
DA:94,5
DA:95,6
DA:96,5
DA:97,5
DA:98,5
DA:99,5
DA:100,5
DA:101,5
DA:102,5
DA:103,5
DA:104,12
DA:105,5
DA:106,5
DA:108,15
DA:109,5
DA:110,5
DA:114,5
DA:119,5
DA:120,5
DA:121,1
DA:124,1
DA:126,1
DA:127,2
DA:133,5
DA:136,5
DA:137,1
DA:138,1
DA:139,1
DA:140,1
DA:143,1
DA:147,5
DA:148,5
DA:149,5
DA:150,5
DA:156,5
DA:157,1
DA:158,1
DA:159,1
DA:160,1
DA:161,1
DA:166,5
DA:167,5
DA:169,10
DA:170,5
DA:171,5
DA:174,5
DA:178,5
DA:179,10
DA:182,5
DA:183,5
DA:184,10
DA:185,10
DA:189,1
DA:190,2
DA:193,5
DA:194,10
DA:195,15
DA:196,0
LF:68
LH:65
end_of_record
SF:lib/src/core/widgets/images/cached_image.dart
DA:82,7
DA:100,7
DA:102,7
DA:103,14
DA:104,7
DA:105,7
DA:106,7
DA:107,7
DA:108,7
DA:109,7
DA:110,7
DA:111,7
DA:112,7
DA:113,7
DA:114,14
DA:115,0
DA:124,7
DA:125,7
DA:126,7
DA:129,1
DA:130,1
DA:131,1
DA:132,1
DA:133,1
DA:134,1
DA:135,1
DA:137,2
DA:143,1
DA:144,1
DA:145,1
DA:146,1
DA:147,3
DA:148,2
DA:150,1
DA:151,1
DA:153,1
DA:154,3
DA:162,0
DA:163,0
DA:164,0
DA:167,0
DA:169,0
DA:170,0
DA:171,0
DA:172,0
DA:173,0
DA:174,0
DA:175,0
DA:176,0
DA:180,0
DA:182,0
DA:183,0
DA:185,0
DA:186,0
DA:188,0
DA:190,0
DA:192,0
DA:193,0
DA:197,0
DA:199,0
DA:200,0
DA:201,0
DA:209,0
DA:211,0
DA:212,0
DA:247,7
DA:258,8
DA:260,8
DA:262,22
DA:263,6
DA:266,7
DA:267,7
DA:268,7
DA:269,7
DA:271,7
DA:273,7
DA:274,7
DA:275,7
DA:276,7
DA:277,7
DA:279,14
DA:283,7
DA:287,8
DA:288,24
DA:289,16
DA:291,8
DA:292,8
DA:293,8
DA:294,8
DA:296,16
DA:298,8
DA:299,8
DA:300,1
DA:301,1
DA:302,2
DA:305,8
DA:306,8
DA:307,8
DA:308,32
DA:310,16
DA:314,1
DA:316,2
DA:344,1
DA:354,1
DA:359,2
DA:360,0
DA:361,0
DA:362,0
DA:363,0
DA:364,0
DA:367,0
DA:368,0
DA:372,1
DA:373,1
DA:374,1
DA:375,4
DA:377,1
DA:378,1
DA:382,1
DA:383,1
DA:384,1
LF:121
LH:85
end_of_record
SF:lib/src/core/widgets/loaders/skeleton_loader.dart
DA:33,8
DA:43,9
DA:45,9
DA:46,1
DA:49,9
DA:50,18
DA:53,1
DA:54,9
DA:56,1
DA:57,9
DA:59,9
DA:60,9
DA:61,9
DA:62,9
DA:63,9
DA:64,9
DA:91,4
DA:100,4
DA:102,4
DA:103,4
DA:104,16
DA:106,4
DA:108,4
DA:110,4
DA:111,4
DA:112,8
DA:113,4
DA:115,4
DA:116,16
DA:118,4
DA:120,8
DA:122,4
DA:123,4
DA:125,4
DA:126,4
DA:128,8
DA:146,4
DA:152,4
DA:154,4
DA:155,4
DA:156,4
DA:157,4
DA:159,8
DA:176,1
DA:183,2
DA:185,2
DA:186,2
DA:187,2
DA:188,2
DA:190,4
LF:50
LH:50
end_of_record
SF:lib/src/core/widgets/indicators/password_strength_indicator.dart
DA:35,4
DA:44,4
DA:46,4
DA:47,4
DA:49,4
DA:52,4
DA:53,8
DA:54,4
DA:55,4
DA:56,12
DA:57,4
DA:62,4
DA:63,4
DA:64,4
DA:65,4
DA:67,8
DA:69,4
DA:77,4
DA:78,4
DA:79,4
DA:81,4
DA:83,4
DA:84,4
DA:85,4
DA:86,4
DA:87,8
DA:89,4
DA:92,4
DA:93,4
DA:95,8
DA:102,4
DA:103,4
DA:104,4
DA:106,4
DA:108,4
DA:110,12
DA:118,4
DA:119,4
DA:120,4
DA:121,4
DA:122,2
DA:123,2
DA:124,2
DA:125,2
DA:130,4
DA:131,4
DA:132,4
DA:133,4
DA:134,2
DA:135,2
DA:136,2
DA:137,2
DA:154,4
DA:155,4
DA:160,6
DA:161,6
DA:164,6
DA:165,6
DA:166,6
DA:167,6
DA:170,2
DA:172,2
LF:62
LH:62
end_of_record
SF:lib/src/core/widgets/inputs/styled_text_field.dart
DA:11,5
DA:251,5
DA:253,5
DA:254,5
DA:257,5
DA:259,5
DA:260,5
DA:261,5
DA:262,5
DA:263,5
DA:264,5
DA:265,5
DA:266,5
DA:267,5
DA:268,5
DA:269,5
DA:270,5
DA:271,5
DA:272,5
DA:273,5
DA:274,5
DA:275,5
DA:276,5
DA:277,5
DA:278,5
DA:279,5
DA:280,5
DA:281,5
DA:282,5
DA:283,5
DA:284,15
DA:286,10
DA:287,5
DA:288,5
DA:289,5
DA:290,5
DA:291,5
DA:292,5
DA:293,5
DA:294,5
DA:295,5
DA:296,5
DA:297,5
DA:298,5
DA:299,5
DA:300,5
DA:301,5
DA:302,5
DA:303,5
DA:304,5
DA:305,5
DA:310,5
DA:316,5
DA:317,1
DA:321,5
DA:322,5
DA:323,5
DA:324,5
DA:325,5
DA:326,5
DA:327,5
DA:328,5
DA:329,5
DA:330,5
DA:331,5
DA:332,5
DA:334,10
DA:335,10
DA:336,10
DA:337,10
DA:338,10
DA:339,10
DA:340,10
DA:341,10
DA:342,10
DA:343,10
DA:344,10
DA:345,10
DA:346,10
DA:347,10
DA:348,10
DA:349,10
DA:350,10
DA:351,10
DA:352,10
DA:353,10
DA:354,10
DA:355,10
DA:356,10
DA:364,1
DA:388,1
DA:416,1
DA:440,1
DA:468,1
DA:495,1
DA:526,1
DA:551,1
LF:97
LH:97
end_of_record
SF:lib/src/core/widgets/nav_drawer.dart
DA:15,3
DA:17,0
DA:19,0
DA:20,0
DA:21,0
DA:23,0
DA:24,0
DA:25,0
DA:26,0
DA:28,0
DA:31,0
DA:32,0
DA:33,0
DA:34,0
DA:39,0
DA:46,0
DA:51,0
DA:52,0
DA:53,0
DA:58,0
DA:59,0
DA:60,0
DA:66,0
DA:71,0
DA:74,0
DA:76,0
DA:77,0
DA:78,0
DA:79,0
DA:80,0
DA:81,0
DA:82,0
DA:84,0
DA:86,0
DA:87,0
DA:95,0
DA:96,0
DA:97,0
DA:98,0
DA:100,0
DA:101,0
DA:108,0
DA:109,0
DA:110,0
DA:111,0
DA:112,0
DA:113,0
DA:117,0
DA:124,0
DA:125,0
DA:128,0
DA:130,0
DA:133,0
DA:134,0
DA:137,0
DA:139,0
DA:146,0
DA:148,0
DA:149,0
DA:156,0
DA:158,0
DA:159,0
DA:167,0
DA:173,0
DA:175,0
DA:177,0
DA:180,0
DA:181,0
DA:182,0
DA:183,0
DA:187,0
DA:190,0
DA:191,0
DA:192,0
DA:193,0
DA:197,0
DA:200,0
DA:201,0
DA:202,0
DA:203,0
DA:207,0
DA:210,0
DA:211,0
DA:212,0
DA:213,0
DA:217,0
DA:220,0
DA:221,0
DA:222,0
DA:223,0
DA:227,0
DA:230,0
DA:231,0
DA:232,0
DA:237,0
DA:240,0
DA:241,0
DA:242,0
DA:251,0
DA:254,0
DA:255,0
DA:256,0
DA:261,0
DA:264,0
DA:265,0
DA:266,0
DA:271,0
DA:274,0
DA:275,0
DA:276,0
DA:281,0
DA:284,0
DA:285,0
DA:286,0
DA:291,0
DA:294,0
DA:295,0
DA:296,0
DA:306,0
DA:307,0
DA:309,0
DA:311,0
DA:314,0
DA:315,0
DA:316,0
DA:317,0
DA:321,0
DA:324,0
DA:325,0
DA:326,0
DA:327,0
DA:335,0
DA:338,0
DA:339,0
DA:340,0
DA:341,0
DA:345,0
DA:348,0
DA:349,0
DA:350,0
DA:351,0
DA:359,0
DA:362,0
DA:363,0
DA:364,0
DA:369,0
DA:372,0
DA:373,0
DA:374,0
DA:379,0
DA:382,0
DA:383,0
DA:384,0
DA:389,0
DA:392,0
DA:393,0
DA:394,0
DA:399,0
DA:402,0
DA:403,0
DA:404,0
DA:414,0
DA:421,0
DA:423,0
DA:424,0
DA:425,0
DA:426,0
DA:431,0
DA:432,0
DA:433,0
DA:439,0
DA:445,0
DA:447,0
DA:448,0
DA:449,0
DA:450,0
DA:451,0
DA:454,0
DA:455,0
DA:456,0
DA:457,0
DA:464,0
DA:465,0
DA:467,0
DA:468,0
DA:475,0
DA:482,0
DA:485,0
DA:486,0
DA:488,0
DA:489,0
DA:491,0
DA:493,0
DA:494,0
LF:194
LH:1
end_of_record
SF:lib/src/core/widgets/platform_app_bar.dart
DA:20,3
DA:80,4
DA:82,4
DA:83,8
DA:86,4
DA:88,4
DA:89,0
DA:90,0
DA:91,0
DA:98,0
DA:99,0
DA:100,0
DA:105,0
DA:108,4
DA:109,4
DA:111,4
DA:112,4
DA:113,4
DA:114,6
DA:115,6
DA:116,6
DA:117,12
DA:123,4
DA:124,5
DA:126,4
DA:127,3
DA:130,3
DA:132,0
DA:142,4
DA:143,4
DA:146,4
DA:147,3
DA:148,3
DA:151,3
DA:153,3
DA:161,4
DA:162,1
DA:163,1
DA:166,1
DA:167,1
DA:168,1
DA:170,1
DA:172,2
DA:173,1
DA:176,2
DA:186,4
DA:187,8
DA:193,4
LF:48
LH:40
end_of_record
SF:lib/src/features/auth/widgets/login_form.dart
DA:17,3
DA:19,3
DA:20,3
DA:45,3
DA:47,6
DA:48,6
DA:49,6
DA:50,6
DA:51,3
DA:54,3
DA:56,9
DA:57,3
DA:60,1
DA:61,1
DA:62,1
DA:63,1
DA:64,1
DA:65,1
DA:68,9
DA:69,0
DA:70,0
DA:71,0
DA:72,0
DA:73,0
DA:74,0
DA:75,0
DA:76,0
DA:81,0
DA:82,0
DA:85,0
DA:89,3
DA:90,3
DA:91,3
DA:93,3
DA:95,3
DA:96,3
DA:99,3
DA:102,3
DA:103,0
DA:104,0
DA:112,3
DA:113,3
DA:116,3
DA:118,3
DA:119,3
DA:120,0
DA:121,0
DA:124,3
DA:125,3
DA:126,3
DA:130,1
DA:131,2
DA:132,2
DA:141,3
DA:143,3
DA:144,3
DA:145,3
DA:152,3
DA:154,6
DA:155,9
DA:166,1
DA:167,2
DA:169,2
DA:170,0
DA:179,1
DA:180,2
DA:182,1
DA:183,0
DA:186,2
DA:187,0
DA:196,1
DA:197,3
DA:201,0
DA:202,0
DA:206,0
DA:209,0
DA:210,0
DA:211,0
DA:218,1
DA:220,3
LF:80
LH:56
end_of_record
SF:lib/src/features/auth/widgets/registration_form.dart
DA:18,4
DA:20,3
DA:21,3
DA:64,3
DA:66,3
DA:68,9
DA:70,3
DA:73,3
DA:75,6
DA:76,6
DA:77,6
DA:78,6
DA:79,6
DA:80,6
DA:81,6
DA:82,6
DA:83,3
DA:86,3
DA:88,9
DA:89,3
DA:92,1
DA:93,1
DA:94,1
DA:95,1
DA:96,1
DA:97,1
DA:98,1
DA:99,1
DA:100,1
DA:101,1
DA:102,1
DA:103,1
DA:106,9
DA:107,0
DA:108,0
DA:109,0
DA:110,0
DA:111,0
DA:112,0
DA:113,0
DA:114,0
DA:119,0
DA:120,0
DA:123,0
DA:127,3
DA:128,3
DA:129,3
DA:131,3
DA:133,3
DA:134,3
DA:137,3
DA:140,3
DA:141,0
DA:142,0
DA:150,3
DA:151,3
DA:154,3
DA:157,3
DA:158,0
DA:159,0
DA:167,3
DA:172,3
DA:173,3
DA:176,3
DA:178,3
DA:179,3
DA:180,0
DA:181,0
DA:184,3
DA:185,3
DA:186,3
DA:190,1
DA:191,2
DA:192,2
DA:201,3
DA:202,9
DA:209,3
DA:210,3
DA:213,3
DA:215,3
DA:216,3
DA:217,0
DA:218,0
DA:221,3
DA:222,3
DA:223,3
DA:227,1
DA:228,2
DA:229,2
DA:238,3
DA:243,3
DA:245,6
DA:246,9
DA:255,3
DA:256,3
DA:257,3
DA:258,3
DA:260,1
DA:261,1
DA:262,1
DA:264,3
DA:265,3
DA:267,3
DA:271,3
DA:272,3
DA:274,3
DA:275,3
DA:276,6
DA:278,3
DA:279,3
DA:280,6
DA:282,3
DA:283,3
DA:284,6
DA:286,3
DA:287,3
DA:288,6
DA:291,3
DA:293,3
DA:294,3
DA:296,3
DA:301,3
DA:303,3
DA:308,3
DA:310,3
DA:316,1
DA:317,2
DA:318,1
DA:325,3
DA:326,3
DA:327,3
DA:328,3
DA:330,1
DA:331,1
DA:334,1
DA:338,3
DA:339,6
DA:341,0
DA:343,0
DA:344,0
DA:349,3
DA:350,3
DA:352,3
DA:353,6
DA:355,0
DA:357,0
DA:358,0
DA:363,3
DA:364,3
DA:366,3
DA:367,3
DA:368,9
DA:369,3
DA:371,3
DA:372,3
DA:373,3
DA:375,3
DA:376,3
DA:381,3
DA:382,3
DA:384,3
DA:385,3
DA:390,3
DA:397,1
DA:398,2
DA:406,1
DA:407,2
DA:409,2
DA:410,0
DA:413,1
DA:415,2
DA:416,0
DA:420,1
DA:421,1
DA:422,0
DA:431,1
DA:432,2
DA:434,2
DA:435,0
DA:439,1
DA:440,2
DA:441,0
DA:450,1
DA:451,2
DA:453,1
DA:454,0
DA:457,2
DA:458,0
DA:467,1
DA:468,2
DA:470,1
DA:471,0
DA:474,3
DA:475,0
DA:484,1
DA:485,3
DA:489,0
DA:490,0
DA:494,0
DA:497,0
DA:498,0
DA:499,0
DA:500,0
LF:203
LH:162
end_of_record
SF:lib/src/features/comments/widgets/add_comment_form.dart
DA:48,2
DA:63,2
DA:64,2
DA:74,2
DA:76,2
DA:77,6
DA:80,2
DA:82,6
DA:83,4
DA:84,4
DA:85,2
DA:88,1
DA:89,4
DA:90,2
DA:91,2
DA:92,1
DA:97,1
DA:98,3
DA:100,3
DA:101,1
DA:104,2
DA:105,3
DA:109,2
DA:110,1
DA:111,3
DA:112,4
DA:115,3
DA:119,2
DA:120,2
DA:123,1
DA:124,2
DA:125,2
DA:128,2
DA:130,2
DA:131,2
DA:133,2
DA:134,4
DA:135,2
DA:136,4
DA:137,2
DA:138,2
DA:139,6
DA:143,2
DA:144,2
DA:145,2
DA:148,2
DA:149,2
DA:151,2
DA:152,5
DA:154,1
DA:156,2
DA:157,2
DA:164,2
DA:165,2
DA:167,2
DA:168,2
DA:169,2
DA:172,4
DA:175,2
DA:176,0
DA:177,6
DA:179,4
DA:186,2
DA:187,2
DA:189,2
DA:190,2
DA:191,2
DA:192,4
DA:193,8
DA:194,4
DA:195,4
DA:197,2
DA:198,4
DA:199,6
DA:200,4
DA:202,2
DA:203,2
DA:204,2
DA:205,6
DA:208,2
DA:209,2
DA:210,2
DA:211,6
DA:214,2
DA:215,2
DA:216,2
DA:217,4
DA:221,2
DA:222,2
DA:223,2
DA:224,4
DA:227,2
DA:228,2
DA:229,2
DA:230,4
DA:235,4
DA:242,6
DA:243,4
DA:245,1
DA:246,2
DA:249,3
DA:254,1
DA:255,3
DA:256,1
DA:262,1
DA:263,1
DA:265,1
DA:267,1
DA:268,3
DA:269,1
DA:270,1
DA:271,3
DA:274,1
DA:275,1
DA:276,1
DA:279,2
DA:282,1
DA:283,1
DA:284,2
DA:285,3
DA:286,2
DA:295,2
DA:296,2
DA:298,2
DA:300,2
DA:301,5
DA:302,1
DA:303,1
DA:304,1
DA:306,1
DA:307,2
DA:313,2
DA:314,5
DA:315,2
DA:316,4
DA:317,4
DA:318,4
DA:319,4
DA:321,2
DA:322,2
DA:325,4
DA:326,1
DA:329,1
DA:331,1
DA:332,2
DA:336,2
DA:337,0
DA:338,6
LF:148
LH:146
end_of_record
SF:lib/src/features/comments/widgets/comment_context_menu.dart
DA:32,2
DA:43,2
DA:45,2
DA:46,4
DA:52,2
DA:53,2
DA:54,2
DA:55,2
DA:56,1
DA:59,1
DA:61,1
DA:62,3
DA:67,0
DA:71,1
DA:76,1
DA:79,2
DA:80,2
DA:81,1
DA:83,1
DA:84,1
DA:87,1
DA:91,1
DA:93,1
DA:94,1
DA:97,1
DA:105,2
DA:106,1
DA:107,1
DA:109,1
DA:110,1
DA:113,1
DA:121,2
DA:122,1
DA:123,1
DA:125,1
DA:126,1
DA:127,1
DA:130,3
DA:133,1
DA:134,0
DA:135,1
DA:136,3
DA:146,2
DA:147,1
DA:148,1
DA:150,1
DA:151,1
DA:152,1
DA:155,3
DA:158,1
DA:159,0
DA:160,1
DA:161,3
DA:173,1
DA:175,1
DA:176,0
DA:178,1
DA:179,1
DA:181,1
DA:182,2
DA:184,1
DA:185,2
DA:187,0
DA:188,0
DA:193,1
DA:194,1
DA:196,1
DA:198,2
DA:199,1
DA:200,1
DA:201,1
DA:202,1
DA:203,0
DA:204,1
DA:206,1
DA:207,1
DA:208,2
DA:209,2
DA:211,1
DA:212,3
DA:214,1
LF:81
LH:74
end_of_record
SF:lib/src/features/comments/widgets/comment_item.dart
DA:60,3
DA:79,3
DA:81,6
DA:84,3
DA:85,3
DA:86,3
DA:88,3
DA:89,3
DA:90,5
DA:91,3
DA:92,3
DA:93,3
DA:94,3
DA:95,9
DA:96,3
DA:98,3
DA:100,3
DA:101,3
DA:102,3
DA:103,3
DA:104,3
DA:106,4
DA:108,1
DA:109,1
DA:110,1
DA:111,1
DA:112,1
DA:113,1
DA:114,1
DA:119,7
DA:121,2
DA:123,3
DA:124,3
DA:125,11
DA:127,2
DA:137,3
DA:138,3
DA:139,3
DA:140,3
DA:141,3
DA:142,3
DA:143,6
DA:145,9
DA:146,9
DA:151,3
DA:152,3
DA:154,3
DA:155,3
DA:156,3
DA:157,3
DA:158,3
DA:159,12
DA:161,9
DA:165,8
DA:167,2
DA:168,6
DA:169,8
DA:170,6
DA:181,2
DA:182,2
DA:184,2
DA:185,8
DA:186,2
DA:188,2
DA:190,2
DA:191,2
DA:194,6
DA:197,2
DA:198,2
DA:199,2
DA:200,8
DA:201,6
DA:213,3
DA:214,6
DA:215,3
DA:216,1
DA:218,4
DA:220,3
DA:225,3
DA:227,3
DA:228,3
DA:229,3
DA:230,3
DA:231,3
DA:233,9
DA:235,3
DA:236,3
DA:238,3
DA:239,9
DA:242,3
DA:245,3
DA:248,3
DA:249,9
DA:250,3
DA:253,3
DA:254,9
DA:255,3
DA:263,2
DA:264,4
DA:265,2
DA:266,2
DA:268,2
DA:269,2
DA:271,2
DA:272,4
DA:273,2
DA:276,2
DA:277,3
DA:278,6
DA:282,2
DA:284,2
DA:285,2
DA:286,8
DA:287,2
DA:288,3
DA:289,6
DA:294,2
DA:295,4
DA:296,2
DA:299,2
DA:300,3
DA:301,6
DA:305,2
DA:307,2
DA:308,2
DA:309,8
DA:310,2
DA:311,3
DA:312,6
DA:315,3
DA:317,1
DA:320,1
DA:322,1
DA:323,3
DA:332,3
DA:334,2
DA:337,2
DA:338,6
DA:339,2
DA:340,2
DA:342,4
DA:343,4
DA:344,0
DA:345,0
DA:346,0
DA:347,0
DA:353,1
DA:354,1
DA:355,2
DA:359,1
DA:361,2
DA:362,1
DA:363,4
DA:365,1
DA:366,1
DA:368,1
DA:370,1
DA:371,1
DA:372,0
DA:373,4
DA:378,3
DA:379,1
DA:381,1
DA:382,1
DA:383,1
DA:384,1
DA:387,1
DA:389,1
DA:390,0
DA:391,0
DA:392,0
DA:396,3
DA:397,1
DA:399,1
DA:400,1
DA:401,1
DA:402,2
DA:406,3
DA:407,1
DA:408,1
DA:410,3
DA:412,1
DA:413,0
DA:414,1
DA:415,3
DA:418,1
DA:419,1
DA:420,1
DA:424,3
DA:425,1
DA:426,1
DA:428,3
DA:430,1
DA:431,0
DA:432,1
DA:433,3
DA:436,0
DA:437,0
DA:438,0
DA:450,1
DA:451,1
DA:453,1
DA:455,2
DA:456,1
DA:457,1
DA:458,1
DA:459,1
DA:460,0
DA:461,1
DA:463,1
DA:464,1
DA:465,2
DA:466,2
DA:468,1
DA:469,3
DA:471,1
LF:216
LH:202
end_of_record
SF:lib/src/features/comments/widgets/comment_list.dart
DA:80,2
DA:105,2
DA:107,8
DA:108,2
DA:111,1
DA:112,1
DA:113,1
DA:114,3
DA:115,1
DA:118,1
DA:119,2
DA:120,1
DA:121,2
DA:122,1
DA:123,1
DA:124,2
DA:125,1
DA:127,1
DA:128,1
DA:129,2
DA:130,4
DA:131,2
DA:132,4
DA:134,4
DA:135,4
DA:136,1
DA:137,1
DA:138,1
DA:139,1
DA:143,3
DA:145,1
DA:148,4
DA:149,1
DA:151,2
DA:152,1
DA:159,2
DA:160,2
DA:162,2
DA:163,2
DA:165,2
DA:167,2
DA:168,2
DA:171,6
DA:174,2
DA:175,0
DA:176,8
DA:177,6
DA:182,2
DA:184,8
DA:185,6
DA:195,1
DA:196,1
DA:197,1
DA:198,1
DA:199,1
DA:201,2
DA:207,1
DA:208,1
DA:211,1
DA:212,3
DA:213,1
DA:215,1
DA:217,1
DA:218,1
DA:219,1
DA:222,1
DA:223,1
DA:225,1
DA:226,1
DA:227,1
DA:230,1
DA:232,1
DA:237,1
DA:238,1
DA:241,1
DA:243,1
DA:255,1
DA:256,1
DA:257,1
DA:258,1
DA:261,1
DA:263,1
DA:268,1
DA:269,1
DA:272,1
DA:274,1
DA:279,1
DA:280,1
DA:283,1
DA:285,1
DA:290,1
DA:291,1
DA:294,1
DA:296,1
DA:307,1
DA:308,1
DA:310,1
DA:311,1
DA:312,1
DA:314,1
DA:315,1
DA:316,1
DA:319,1
DA:321,1
DA:322,3
DA:327,1
DA:328,0
DA:329,4
DA:330,3
DA:339,1
DA:340,1
DA:341,1
DA:343,1
DA:344,1
DA:345,1
DA:354,1
DA:355,1
DA:356,1
DA:358,1
DA:360,1
DA:361,1
DA:364,3
DA:367,1
DA:369,4
DA:370,3
DA:374,2
DA:376,1
DA:377,1
DA:378,4
DA:379,3
DA:384,1
DA:385,1
DA:386,1
DA:387,1
DA:395,1
DA:396,1
DA:397,2
LF:137
LH:135
end_of_record
SF:lib/src/features/entries/models/feed_settings.dart
DA:54,6
DA:60,1
DA:61,2
DA:65,2
DA:72,1
DA:73,2
DA:79,2
DA:80,2
DA:82,4
DA:83,2
DA:84,2
DA:85,2
DA:91,4
DA:92,2
DA:93,2
DA:94,2
LF:16
LH:16
end_of_record
SF:lib/src/features/entries/models/feed_tab_config.dart
DA:15,3
DA:77,0
DA:79,0
DA:81,0
DA:83,0
DA:86,0
LF:6
LH:1
end_of_record
SF:lib/src/features/entries/providers/entry_detail_provider.dart
DA:12,3
DA:13,0
DA:14,0
DA:15,0
DA:17,0
DA:41,2
DA:48,2
DA:49,2
DA:53,2
DA:54,2
DA:60,2
DA:61,4
DA:62,2
DA:63,1
DA:64,1
DA:65,0
DA:70,8
DA:71,2
DA:75,2
DA:76,6
DA:77,6
DA:80,1
DA:81,1
DA:83,1
DA:84,1
DA:87,1
DA:90,4
DA:92,4
DA:96,1
DA:98,2
DA:99,2
DA:101,4
DA:103,2
DA:106,1
DA:112,0
DA:114,0
DA:122,8
DA:123,4
DA:124,4
DA:130,1
DA:131,1
DA:133,1
DA:136,2
DA:137,1
DA:139,1
DA:142,1
DA:144,2
DA:145,2
DA:148,2
DA:149,0
DA:150,0
DA:151,1
DA:157,0
DA:161,2
DA:162,2
DA:165,1
DA:171,5
DA:174,0
DA:177,0
DA:178,0
DA:179,0
DA:180,0
DA:186,0
DA:190,0
DA:199,1
DA:204,1
DA:205,2
DA:206,0
DA:207,0
DA:208,1
DA:214,0
DA:217,1
DA:221,4
DA:222,1
DA:228,1
DA:229,4
DA:232,1
DA:235,1
DA:241,1
DA:242,2
DA:243,0
DA:244,0
DA:245,1
DA:251,0
DA:263,2
DA:274,4
DA:277,0
DA:280,0
DA:290,1
DA:291,2
DA:292,0
DA:293,0
DA:294,1
DA:300,0
DA:312,2
DA:323,4
DA:326,0
DA:329,0
DA:342,1
DA:343,2
DA:344,0
DA:345,0
DA:346,1
DA:352,0
DA:359,2
DA:360,1
DA:364,1
DA:367,5
DA:370,0
DA:375,2
DA:383,2
DA:391,4
DA:396,4
DA:403,1
DA:404,2
DA:405,0
DA:406,0
DA:407,0
DA:413,1
DA:422,0
DA:428,0
DA:437,0
DA:440,0
DA:450,1
DA:451,2
DA:452,0
DA:453,0
DA:454,0
DA:460,1
DA:469,0
DA:475,0
DA:484,0
DA:487,0
DA:497,1
DA:498,2
DA:499,0
DA:500,0
DA:501,0
DA:507,1
DA:516,0
DA:522,0
DA:531,0
DA:534,0
DA:544,1
DA:545,2
DA:546,0
DA:547,0
DA:548,0
DA:554,1
DA:563,0
DA:569,0
DA:578,0
DA:581,0
DA:591,1
DA:592,2
DA:593,0
DA:594,0
DA:595,0
DA:601,1
DA:610,0
DA:616,0
DA:621,1
DA:622,2
DA:623,0
DA:624,0
DA:625,0
DA:631,1
DA:640,0
DA:643,0
DA:648,1
DA:649,2
DA:650,0
DA:651,0
DA:652,0
DA:658,1
DA:667,0
DA:670,0
DA:672,0
DA:681,0
DA:684,0
DA:694,1
DA:695,2
DA:696,0
DA:697,0
DA:698,0
DA:704,1
DA:713,0
DA:719,0
DA:724,1
DA:725,2
DA:726,0
DA:727,0
DA:728,0
DA:734,1
DA:743,0
DA:746,0
LF:196
LH:106
end_of_record
SF:lib/src/features/entries/providers/entry_editor_provider.dart
DA:17,6
DA:18,0
DA:19,0
DA:20,0
DA:21,0
DA:22,0
DA:24,0
DA:55,1
DA:68,1
DA:69,1
DA:73,1
DA:74,1
DA:75,1
DA:78,1
DA:79,1
DA:82,2
DA:83,1
DA:89,1
DA:90,1
DA:92,4
DA:93,1
DA:96,3
DA:97,1
DA:100,0
DA:103,4
DA:106,2
DA:107,1
DA:108,1
DA:109,2
DA:110,2
DA:111,1
DA:113,1
DA:114,1
DA:116,4
DA:117,1
DA:119,1
DA:124,4
DA:125,2
DA:126,2
DA:133,1
DA:134,3
DA:135,0
DA:136,0
DA:137,1
DA:138,1
DA:154,0
DA:155,0
DA:156,0
DA:157,0
DA:162,1
DA:163,3
DA:164,0
DA:165,0
DA:166,1
DA:167,1
DA:183,0
DA:184,0
DA:185,0
DA:186,0
DA:191,1
DA:192,3
DA:193,0
DA:194,0
DA:195,1
DA:196,1
DA:212,0
DA:213,0
DA:214,0
DA:215,0
DA:220,0
DA:221,0
DA:222,0
DA:223,0
DA:224,0
DA:225,0
DA:228,0
DA:229,0
DA:230,0
DA:231,0
DA:236,0
DA:245,0
DA:248,0
DA:250,0
DA:260,0
DA:262,0
DA:273,0
DA:275,0
DA:277,0
DA:278,0
DA:279,0
DA:286,0
DA:287,0
DA:289,0
DA:291,0
DA:296,0
DA:299,0
DA:318,0
DA:319,0
DA:320,0
DA:321,0
DA:322,0
DA:323,0
DA:339,0
DA:340,0
DA:341,0
DA:342,0
DA:347,0
DA:348,0
DA:349,0
DA:350,0
DA:351,0
DA:352,0
DA:368,0
DA:369,0
DA:370,0
DA:371,0
DA:376,0
DA:377,0
DA:378,0
DA:379,0
DA:380,0
DA:381,0
DA:397,0
DA:398,0
DA:399,0
DA:400,0
DA:405,0
DA:406,0
DA:407,0
DA:408,0
DA:409,0
DA:410,0
DA:426,0
DA:427,0
DA:428,0
DA:429,0
DA:434,0
DA:435,0
DA:436,0
DA:437,0
DA:438,0
DA:439,0
DA:455,0
DA:456,0
DA:457,0
DA:458,0
DA:463,1
DA:464,3
DA:465,0
DA:466,0
DA:467,1
DA:468,1
DA:484,0
DA:485,0
DA:486,0
DA:487,0
DA:492,0
DA:493,0
DA:494,0
DA:495,0
DA:496,0
DA:497,0
DA:507,0
DA:513,0
DA:514,0
DA:515,0
DA:516,0
DA:521,0
DA:522,0
DA:523,0
DA:524,0
DA:525,0
DA:526,0
DA:536,0
DA:542,0
DA:543,0
DA:544,0
DA:545,0
DA:550,0
DA:551,0
DA:552,0
DA:553,0
DA:554,0
DA:555,0
DA:571,0
DA:572,0
DA:573,0
DA:574,0
DA:579,0
DA:580,0
DA:582,0
DA:585,0
DA:586,0
DA:587,0
DA:588,0
DA:590,0
DA:591,0
DA:592,0
DA:593,0
DA:597,0
DA:599,0
DA:600,0
DA:609,0
DA:610,0
DA:611,0
DA:613,0
DA:615,0
DA:616,0
DA:617,0
DA:618,0
DA:621,0
DA:622,0
DA:626,0
DA:627,0
DA:628,0
DA:630,0
DA:634,0
DA:651,0
DA:655,0
DA:656,0
DA:657,0
DA:666,1
DA:667,1
DA:670,1
DA:671,0
DA:672,0
DA:673,1
DA:675,0
DA:676,0
DA:677,0
DA:678,0
DA:684,2
DA:685,2
DA:692,2
DA:693,2
DA:700,3
DA:704,1
DA:708,0
DA:711,0
DA:715,1
DA:721,0
DA:724,1
DA:728,4
DA:729,2
DA:731,0
DA:735,2
DA:736,2
DA:737,2
DA:744,0
DA:749,0
DA:751,0
DA:752,0
DA:758,0
DA:763,1
DA:769,2
DA:774,1
DA:775,1
DA:784,1
DA:787,2
DA:791,1
DA:792,1
DA:800,1
DA:805,0
DA:811,0
DA:816,0
DA:817,0
DA:824,0
DA:828,0
DA:829,0
DA:836,1
DA:837,1
DA:840,1
DA:841,0
DA:842,0
DA:843,1
DA:845,0
DA:846,0
DA:847,0
DA:848,0
DA:854,2
DA:855,2
DA:862,2
DA:866,1
DA:868,2
DA:869,2
DA:872,0
DA:873,0
DA:874,0
DA:881,1
DA:887,2
DA:888,1
DA:889,2
DA:890,1
DA:891,2
DA:892,2
DA:893,1
DA:894,1
DA:895,1
DA:896,1
DA:897,4
DA:898,1
DA:899,1
DA:900,1
DA:901,1
DA:902,1
DA:903,1
DA:904,3
DA:911,1
DA:913,1
DA:915,0
DA:917,0
DA:919,0
DA:921,0
DA:923,0
DA:931,0
DA:932,0
DA:933,0
DA:934,0
DA:936,0
DA:937,0
DA:943,0
DA:944,0
DA:947,0
DA:948,0
DA:949,0
DA:950,0
DA:951,0
DA:952,0
DA:953,0
DA:955,0
DA:956,0
DA:958,0
DA:959,0
DA:961,0
DA:962,0
DA:964,0
DA:969,0
DA:987,0
DA:992,0
DA:993,0
DA:994,0
DA:995,0
DA:996,0
DA:998,0
DA:999,0
DA:1001,0
DA:1002,0
DA:1009,0
DA:1010,0
DA:1012,0
DA:1013,0
DA:1014,0
DA:1015,0
DA:1016,0
DA:1017,0
DA:1018,0
DA:1019,0
DA:1022,0
DA:1029,1
DA:1030,2
DA:1031,1
DA:1032,0
DA:1037,2
DA:1040,2
LF:364
LH:110
end_of_record
SF:lib/src/features/entries/services/entry_settings_backup_service.dart
DA:5,0
DA:8,0
DA:13,0
DA:21,0
DA:22,0
DA:26,0
DA:27,0
DA:31,0
DA:32,0
DA:41,0
DA:49,0
DA:50,0
LF:12
LH:0
end_of_record
SF:lib/src/features/entries/providers/entry_feed_provider.dart
DA:12,13
DA:13,1
DA:19,15
DA:20,1
DA:21,2
DA:22,2
DA:24,1
DA:52,5
DA:63,5
DA:64,5
DA:68,5
DA:69,5
DA:73,5
DA:74,15
DA:75,5
DA:76,2
DA:82,5
DA:84,5
DA:85,10
DA:89,0
DA:90,0
DA:91,0
DA:92,0
DA:93,0
DA:95,0
DA:96,0
DA:97,0
DA:99,0
DA:100,0
DA:102,0
DA:105,12
DA:113,1
DA:114,2
DA:115,1
DA:116,0
DA:117,0
DA:118,0
DA:119,0
DA:124,5
DA:125,1
DA:129,1
DA:130,2
DA:132,1
DA:133,4
DA:134,2
DA:137,1
DA:142,1
DA:144,2
DA:145,2
DA:148,2
DA:150,4
DA:152,1
DA:154,1
DA:156,2
DA:158,1
DA:159,1
DA:164,0
DA:167,2
DA:170,1
DA:171,2
DA:173,1
DA:174,2
DA:175,2
DA:179,2
DA:180,2
DA:189,1
DA:190,1
DA:192,2
DA:193,0
DA:194,0
DA:195,1
DA:196,0
DA:197,0
DA:202,1
DA:203,5
DA:206,2
DA:208,2
DA:209,2
DA:211,2
DA:214,1
DA:215,5
DA:216,2
DA:218,4
DA:219,2
DA:221,1
DA:222,1
DA:226,2
DA:229,1
DA:236,1
DA:237,5
DA:240,1
DA:241,2
DA:244,1
DA:247,1
DA:251,1
DA:253,1
DA:254,1
DA:255,2
DA:256,3
DA:257,3
DA:258,2
DA:259,2
DA:262,2
DA:263,0
DA:265,3
DA:272,1
DA:273,2
DA:275,5
DA:276,1
DA:279,1
DA:282,1
DA:283,2
DA:286,1
DA:289,1
DA:295,3
DA:296,6
DA:298,3
DA:301,3
DA:302,3
DA:308,1
DA:309,2
DA:311,1
DA:314,1
DA:315,1
DA:319,1
DA:320,4
DA:322,0
DA:324,0
DA:333,1
DA:335,1
DA:336,1
DA:338,1
DA:339,2
DA:340,2
DA:343,1
DA:344,1
DA:347,1
DA:349,1
DA:351,1
DA:352,2
DA:353,2
DA:354,1
DA:355,1
DA:358,1
DA:360,1
DA:361,2
DA:362,2
DA:366,1
DA:368,1
DA:370,1
DA:371,0
DA:375,2
DA:376,2
DA:382,1
DA:384,0
DA:386,0
DA:387,0
DA:391,0
DA:392,0
DA:398,0
DA:401,5
LF:161
LH:131
end_of_record
SF:lib/src/features/entries/widgets/entry_context_menu.dart
DA:45,2
DA:60,2
DA:62,2
DA:63,4
DA:69,1
DA:70,2
DA:71,2
DA:72,1
DA:73,1
DA:76,1
DA:78,1
DA:79,3
DA:84,0
DA:88,1
DA:93,1
DA:96,2
DA:97,1
DA:98,1
DA:99,3
DA:100,1
DA:101,1
DA:102,1
DA:103,3
DA:107,4
DA:108,0
DA:109,0
DA:117,1
DA:118,1
DA:119,3
DA:120,1
DA:121,1
DA:122,1
DA:123,3
DA:127,4
DA:128,0
DA:129,0
DA:136,2
DA:137,1
DA:138,1
DA:140,1
DA:141,1
DA:144,1
DA:152,1
DA:153,1
DA:155,1
DA:156,1
DA:159,1
DA:166,1
DA:167,1
DA:169,1
DA:170,1
DA:173,1
DA:180,2
DA:181,1
DA:182,1
DA:184,1
DA:185,1
DA:186,1
DA:189,3
DA:192,1
DA:193,0
DA:194,1
DA:195,3
DA:205,2
DA:206,1
DA:207,1
DA:209,1
DA:210,1
DA:211,1
DA:214,3
DA:217,1
DA:218,0
DA:219,1
DA:220,3
DA:232,1
DA:234,1
DA:235,2
DA:237,1
DA:238,0
DA:240,1
DA:241,2
DA:243,1
DA:244,0
DA:246,1
DA:247,0
DA:249,1
DA:250,1
DA:252,1
DA:253,0
DA:255,1
DA:256,0
DA:258,1
DA:259,1
DA:264,1
DA:265,1
DA:267,1
DA:269,2
DA:270,1
DA:271,1
DA:272,1
DA:273,1
DA:274,0
DA:275,1
DA:277,1
DA:278,1
DA:279,2
DA:280,2
DA:282,1
DA:283,3
DA:285,1
DA:292,1
DA:293,1
DA:299,2
DA:301,2
DA:302,1
DA:303,1
LF:116
LH:103
end_of_record
SF:lib/src/features/entries/widgets/adjacent_entry_navigation.dart
DA:20,2
DA:27,2
DA:29,2
DA:32,2
DA:36,2
DA:37,2
DA:44,1
DA:46,1
DA:47,2
DA:48,1
DA:49,1
DA:50,3
DA:54,1
DA:55,1
DA:57,1
DA:61,1
DA:66,1
DA:69,3
DA:73,1
DA:77,1
DA:84,1
DA:90,1
DA:91,1
DA:93,3
DA:94,1
DA:95,0
DA:97,1
DA:98,2
DA:101,1
DA:103,1
DA:105,1
DA:106,1
DA:108,1
DA:109,1
DA:111,1
DA:114,2
DA:119,1
DA:120,1
DA:122,1
DA:124,1
DA:126,0
DA:127,0
DA:128,3
DA:129,2
DA:136,1
DA:138,3
DA:139,2
DA:147,1
DA:149,1
DA:151,3
DA:152,2
DA:161,1
DA:164,2
DA:173,1
DA:174,3
DA:175,1
DA:176,1
DA:178,2
DA:179,2
DA:180,0
DA:181,0
DA:182,0
DA:183,0
LF:63
LH:56
end_of_record
SF:lib/src/features/entries/screens/image_gallery_screen.dart
DA:24,1
DA:31,0
DA:32,0
DA:40,0
DA:42,0
DA:43,0
DA:44,0
DA:47,0
DA:49,0
DA:50,0
DA:53,0
DA:55,0
DA:57,0
DA:59,0
DA:60,0
DA:62,0
DA:63,0
DA:70,0
DA:72,0
DA:74,0
DA:75,0
DA:76,0
DA:78,0
DA:79,0
DA:80,0
DA:91,0
DA:92,0
DA:93,0
DA:94,0
DA:95,0
DA:96,0
DA:97,0
DA:98,0
DA:101,0
DA:102,0
DA:103,0
DA:106,0
DA:107,0
DA:110,0
DA:114,0
DA:115,0
DA:117,0
DA:119,0
DA:120,0
DA:128,0
DA:135,0
DA:136,0
DA:137,0
DA:138,0
DA:139,0
DA:143,0
DA:144,0
DA:145,0
DA:150,0
DA:151,0
DA:163,0
DA:164,0
DA:166,0
DA:167,0
DA:169,0
DA:198,0
DA:204,0
DA:206,0
DA:208,0
DA:209,0
DA:210,0
DA:219,0
DA:221,0
DA:222,0
LF:69
LH:1
end_of_record
SF:lib/src/features/entries/widgets/image_manager.dart
DA:29,1
DA:38,1
DA:39,1
DA:46,0
DA:47,0
DA:49,0
DA:50,0
DA:51,0
DA:52,0
DA:54,0
DA:55,0
DA:57,0
DA:58,0
DA:59,0
DA:60,0
DA:63,0
DA:65,0
DA:66,0
DA:67,0
DA:68,0
DA:78,0
DA:82,0
DA:84,0
DA:90,0
DA:93,0
DA:100,0
DA:101,0
DA:102,0
DA:105,0
DA:106,0
DA:107,0
DA:108,0
DA:116,1
DA:118,1
DA:119,1
DA:121,1
DA:123,1
DA:125,1
DA:126,1
DA:127,1
DA:128,1
DA:129,3
DA:134,1
DA:135,3
DA:136,2
DA:137,0
DA:140,0
DA:142,0
DA:146,1
DA:152,3
DA:154,0
DA:158,2
DA:160,0
DA:162,0
DA:163,0
DA:164,0
DA:165,0
DA:173,0
DA:174,0
DA:183,0
DA:184,0
DA:185,0
DA:186,0
DA:191,0
DA:192,0
DA:193,0
DA:195,0
DA:196,0
DA:197,0
DA:198,0
DA:203,0
DA:204,0
DA:205,0
DA:206,0
DA:214,0
DA:217,0
DA:218,0
DA:219,0
DA:221,0
DA:223,0
LF:80
LH:19
end_of_record
SF:lib/src/features/entries/widgets/tag_manager.dart
DA:23,1
DA:31,1
DA:32,1
DA:39,1
DA:41,2
DA:42,2
DA:43,1
DA:47,0
DA:48,0
DA:49,0
DA:52,0
DA:53,0
DA:58,0
DA:59,0
DA:64,0
DA:65,0
DA:69,0
DA:70,0
DA:74,0
DA:76,0
DA:77,0
DA:81,0
DA:82,0
DA:83,0
DA:84,0
DA:85,0
DA:92,0
DA:93,0
DA:94,0
DA:95,0
DA:96,0
DA:103,0
DA:104,0
DA:105,0
DA:106,0
DA:107,0
DA:113,1
DA:115,1
DA:116,1
DA:118,1
DA:120,1
DA:122,1
DA:123,1
DA:124,3
DA:132,1
DA:133,1
DA:134,1
DA:135,1
DA:136,1
DA:137,1
DA:138,1
DA:139,1
DA:148,0
DA:149,1
DA:151,2
DA:156,1
DA:157,1
DA:159,1
DA:165,3
DA:167,0
DA:170,0
DA:175,3
DA:177,0
DA:178,0
DA:179,0
DA:180,0
DA:188,0
DA:189,0
DA:191,0
DA:192,0
DA:194,0
DA:195,0
DA:198,0
DA:199,0
DA:202,0
DA:204,0
LF:76
LH:30
end_of_record
SF:lib/src/features/entries/widgets/entry_settings_bottom_sheet.dart
DA:22,1
DA:28,1
DA:30,1
DA:31,4
DA:33,1
DA:34,0
DA:35,1
DA:36,1
DA:37,1
DA:38,0
DA:39,0
DA:40,0
DA:41,0
DA:45,1
DA:57,1
DA:58,1
DA:59,4
DA:61,1
DA:63,1
DA:65,1
DA:66,1
DA:70,1
DA:71,1
DA:72,1
DA:78,1
DA:80,1
DA:81,1
DA:92,1
DA:93,1
DA:94,1
DA:95,8
DA:97,1
DA:99,1
DA:101,1
DA:104,1
DA:105,1
DA:108,2
DA:109,1
DA:112,1
DA:115,1
DA:116,1
DA:126,1
DA:132,1
DA:133,1
DA:134,1
DA:135,1
DA:140,1
DA:143,1
DA:148,1
DA:151,1
DA:156,1
DA:159,1
DA:164,1
DA:167,1
DA:172,1
DA:179,1
DA:186,1
DA:188,1
DA:189,1
DA:193,1
DA:194,1
DA:196,0
DA:200,1
DA:204,1
DA:205,1
DA:207,0
DA:215,1
DA:221,1
DA:223,1
DA:224,1
DA:228,1
DA:229,1
DA:231,0
DA:239,1
DA:245,1
DA:247,1
DA:248,1
DA:252,1
DA:253,1
DA:255,0
DA:263,1
DA:269,1
DA:271,1
DA:272,1
DA:276,1
DA:277,1
DA:279,0
DA:287,1
DA:291,1
DA:293,1
DA:294,1
DA:296,1
DA:305,1
DA:310,1
DA:318,1
DA:320,1
DA:321,1
DA:322,0
DA:323,0
DA:325,1
DA:328,1
DA:330,1
DA:345,1
DA:346,1
DA:347,6
DA:352,1
DA:363,1
DA:365,1
DA:366,1
DA:375,1
DA:379,1
DA:390,1
DA:395,1
DA:399,2
DA:407,1
LF:115
LH:103
end_of_record
SF:lib/src/features/entries/widgets/markdown_toolbar.dart
DA:16,1
DA:21,1
DA:23,1
DA:24,1
DA:25,3
DA:26,1
DA:27,1
DA:28,2
DA:33,1
DA:36,1
DA:37,1
DA:39,1
DA:40,1
DA:41,1
DA:42,1
DA:47,1
DA:52,1
DA:57,1
DA:62,1
DA:71,1
DA:76,1
DA:85,1
DA:94,1
DA:102,1
DA:103,1
DA:104,1
DA:111,1
DA:112,0
DA:113,1
DA:118,1
DA:123,1
DA:124,1
DA:126,0
DA:127,1
DA:132,1
DA:133,1
DA:134,2
DA:137,0
DA:138,1
DA:144,1
DA:150,1
DA:151,2
DA:153,1
DA:155,1
DA:157,0
DA:159,1
DA:160,1
DA:161,1
DA:163,1
DA:165,1
DA:166,1
DA:168,0
DA:169,3
DA:182,0
DA:183,0
DA:184,0
DA:185,0
DA:186,0
DA:187,0
DA:194,1
DA:195,2
DA:196,1
DA:198,2
DA:199,3
DA:203,0
DA:204,0
DA:206,0
DA:207,0
DA:215,0
DA:216,0
DA:217,0
DA:220,0
DA:222,0
DA:224,0
DA:225,0
DA:226,0
DA:227,0
DA:228,0
DA:229,0
DA:243,0
DA:248,0
DA:249,0
DA:256,0
DA:258,0
DA:259,0
DA:260,0
DA:263,0
DA:265,0
DA:266,0
DA:267,0
DA:270,0
DA:272,0
DA:274,0
DA:276,0
DA:277,0
DA:278,0
DA:285,0
DA:286,0
DA:296,0
DA:297,0
DA:298,0
DA:301,0
DA:302,0
DA:303,0
DA:304,0
DA:305,0
DA:306,0
LF:107
LH:53
end_of_record
SF:lib/src/features/entries/utils/markdown_converter.dart
DA:15,0
DA:16,0
DA:17,0
DA:19,0
DA:20,0
DA:21,0
DA:23,0
DA:26,0
DA:30,0
DA:35,0
DA:36,0
DA:37,0
DA:40,0
DA:41,0
DA:46,0
DA:47,0
DA:48,0
DA:50,0
DA:51,0
DA:52,0
DA:58,0
DA:63,0
DA:64,0
DA:65,0
DA:66,0
DA:67,0
DA:68,0
DA:69,0
DA:70,0
DA:71,0
DA:72,0
DA:73,0
DA:74,0
DA:75,0
DA:76,0
DA:77,0
DA:78,0
DA:80,0
DA:85,0
DA:89,0
DA:90,0
DA:91,0
DA:92,0
DA:96,0
DA:97,0
DA:100,0
DA:101,0
DA:104,0
DA:105,0
DA:108,0
DA:109,0
DA:116,0
DA:117,0
DA:118,0
DA:122,0
DA:123,0
DA:124,0
DA:131,0
DA:132,0
DA:133,0
DA:135,0
DA:136,0
DA:138,0
DA:139,0
DA:144,0
DA:145,0
DA:146,0
DA:147,0
DA:148,0
DA:149,0
DA:150,0
DA:151,0
DA:154,0
DA:155,0
DA:158,0
DA:159,0
DA:162,0
DA:163,0
DA:165,0
DA:169,0
DA:170,0
DA:174,0
DA:177,0
DA:180,0
DA:184,0
DA:185,0
DA:186,0
DA:193,0
DA:194,0
DA:197,0
DA:199,0
DA:200,0
DA:203,0
DA:204,0
DA:207,0
DA:212,0
DA:214,0
DA:215,0
DA:218,0
DA:219,0
DA:226,0
DA:228,0
DA:229,0
DA:232,0
DA:233,0
DA:236,0
DA:241,0
DA:243,0
DA:244,0
DA:247,0
DA:248,0
DA:255,0
DA:256,0
DA:257,0
DA:262,0
DA:263,0
DA:264,0
DA:265,0
DA:269,0
DA:270,0
DA:273,0
DA:274,0
DA:275,0
DA:276,0
DA:282,0
DA:286,0
DA:287,0
LF:127
LH:0
end_of_record
SF:lib/src/features/entries/widgets/entry_list.dart
DA:40,5
DA:49,4
DA:50,4
DA:57,4
DA:59,4
DA:62,8
DA:63,12
DA:67,8
DA:68,9
DA:69,21
DA:71,9
DA:72,12
DA:73,4
DA:75,9
DA:81,12
DA:82,32
DA:86,4
DA:88,8
DA:89,4
DA:92,0
DA:94,0
DA:97,0
DA:98,0
DA:100,0
DA:101,0
DA:102,0
DA:103,0
DA:105,0
DA:111,0
DA:112,0
DA:114,0
DA:115,0
DA:116,0
DA:119,0
DA:120,0
DA:125,0
DA:126,0
DA:128,0
DA:129,0
DA:133,0
DA:135,0
DA:136,0
DA:137,0
DA:144,0
DA:145,0
DA:148,4
DA:150,24
DA:152,4
DA:153,2
DA:154,0
DA:155,2
DA:156,0
DA:157,6
DA:162,1
DA:163,6
DA:167,1
DA:168,1
DA:169,0
DA:170,0
DA:171,0
DA:172,0
DA:175,1
DA:176,0
DA:178,1
DA:183,1
DA:184,1
DA:185,1
DA:186,1
DA:188,2
DA:193,0
DA:194,0
DA:196,0
DA:197,0
DA:198,0
DA:201,0
DA:206,0
DA:211,1
DA:212,6
DA:216,1
DA:217,0
DA:218,0
DA:219,2
DA:220,0
DA:221,0
DA:226,1
DA:227,1
DA:229,0
DA:233,2
DA:234,1
DA:235,1
DA:244,0
DA:245,0
DA:246,0
DA:247,0
DA:248,0
DA:249,0
DA:250,0
DA:252,0
DA:255,0
DA:256,0
DA:257,0
DA:265,1
DA:266,1
DA:269,2
DA:270,0
DA:271,0
DA:272,0
DA:273,0
DA:281,0
DA:284,1
DA:285,1
DA:286,1
DA:289,1
DA:293,1
DA:294,0
DA:299,1
DA:300,4
DA:301,1
DA:302,1
DA:303,1
DA:308,0
DA:309,0
DA:311,0
DA:312,0
DA:313,0
DA:314,0
DA:315,0
DA:322,0
DA:323,0
DA:324,0
DA:325,0
DA:327,0
DA:328,0
DA:331,0
DA:333,0
DA:334,0
DA:336,0
DA:339,0
DA:340,0
DA:342,0
DA:345,0
DA:346,0
DA:347,0
DA:348,0
DA:359,3
DA:360,3
DA:361,3
DA:362,3
DA:363,3
DA:365,3
DA:366,3
DA:369,12
DA:371,3
DA:372,3
DA:374,12
DA:377,3
DA:378,3
DA:380,12
DA:383,3
DA:384,3
DA:385,0
DA:386,0
DA:397,1
DA:398,1
DA:399,1
DA:400,1
DA:404,1
DA:405,1
DA:406,1
DA:408,1
DA:410,1
DA:411,1
DA:412,1
DA:413,1
DA:414,1
DA:415,1
DA:417,1
DA:418,1
DA:421,1
DA:423,1
DA:424,1
DA:427,1
DA:434,1
DA:436,1
DA:439,1
DA:441,1
DA:442,1
DA:446,1
DA:448,1
DA:450,1
DA:451,1
DA:452,1
DA:457,1
DA:458,1
DA:464,1
DA:479,0
DA:480,0
DA:481,0
DA:483,0
DA:484,0
DA:485,0
DA:487,0
DA:489,0
DA:490,0
DA:491,0
DA:492,0
DA:493,0
DA:494,0
DA:496,0
DA:497,0
DA:500,0
DA:502,0
DA:503,0
DA:506,0
DA:513,0
DA:515,0
DA:518,0
DA:520,0
DA:522,0
DA:526,0
DA:528,0
DA:530,0
DA:531,0
DA:536,0
DA:539,0
DA:540,0
DA:541,0
DA:546,0
DA:547,0
DA:553,0
DA:568,0
DA:569,0
DA:570,0
DA:571,0
DA:572,0
DA:574,0
DA:575,0
DA:578,0
DA:580,0
DA:581,0
DA:585,0
DA:586,0
DA:588,0
DA:589,0
DA:599,0
DA:600,0
DA:602,0
DA:603,0
DA:604,0
DA:605,0
DA:606,0
DA:608,0
DA:609,0
DA:610,0
DA:612,0
DA:615,0
DA:616,0
DA:617,0
DA:618,0
DA:619,0
DA:620,0
DA:624,0
DA:625,0
DA:626,0
DA:628,0
DA:630,0
DA:631,0
LF:267
LH:107
end_of_record
SF:lib/src/features/entries/widgets/feed_settings_bottom_sheet.dart
DA:22,1
DA:28,1
DA:29,1
DA:35,1
DA:37,1
DA:39,1
DA:42,1
DA:44,1
DA:47,6
DA:48,1
DA:49,1
DA:50,0
DA:51,0
DA:52,0
DA:53,0
DA:57,1
DA:59,1
DA:65,1
DA:66,1
DA:69,1
DA:71,1
DA:73,1
DA:74,1
DA:75,0
DA:81,1
DA:82,0
DA:91,1
DA:92,0
DA:99,1
DA:104,2
DA:105,1
DA:106,0
DA:113,1
DA:119,2
DA:120,1
DA:121,0
DA:128,1
DA:134,2
DA:135,1
DA:136,0
DA:143,1
DA:149,1
DA:151,1
DA:152,1
DA:153,1
DA:157,1
DA:158,1
DA:161,1
DA:162,0
DA:172,4
DA:179,1
DA:180,2
DA:182,1
DA:183,1
DA:184,1
DA:185,1
DA:187,0
DA:192,1
DA:193,1
DA:195,0
DA:203,1
DA:204,3
DA:206,1
DA:207,1
DA:208,2
DA:209,4
DA:212,1
DA:214,1
DA:215,2
DA:216,1
DA:217,1
DA:220,1
DA:222,1
DA:223,1
DA:224,1
DA:230,1
DA:232,1
DA:243,1
DA:244,2
DA:246,1
DA:247,1
DA:248,1
DA:250,1
DA:252,1
DA:257,1
DA:258,3
DA:260,1
DA:261,1
DA:262,1
DA:265,1
DA:267,1
DA:281,1
DA:282,2
DA:283,4
DA:286,1
DA:287,1
DA:294,1
DA:295,3
DA:299,1
DA:300,6
DA:304,1
DA:305,3
DA:308,1
DA:309,2
DA:311,1
DA:312,1
DA:313,1
DA:314,1
DA:315,1
DA:316,2
DA:317,1
DA:318,2
DA:319,3
DA:324,1
DA:325,1
DA:326,1
DA:327,2
DA:328,1
DA:329,2
DA:330,3
DA:339,1
DA:340,2
DA:343,1
DA:345,1
DA:347,1
DA:348,1
DA:349,1
DA:351,1
DA:353,1
DA:354,1
DA:355,0
DA:356,1
DA:358,1
DA:362,1
DA:363,2
DA:365,2
DA:366,1
DA:368,2
DA:370,1
DA:371,1
DA:373,2
DA:374,4
DA:384,1
DA:395,1
DA:397,1
DA:398,0
DA:399,1
DA:400,0
DA:401,1
DA:402,0
DA:403,1
DA:404,0
DA:405,1
DA:406,0
DA:408,0
DA:412,0
DA:414,0
DA:415,0
DA:416,0
DA:420,0
LF:160
LH:135
end_of_record
SF:lib/src/features/entries/widgets/entry_card_full.dart
DA:30,2
DA:38,2
DA:40,2
DA:42,2
DA:43,2
DA:47,2
DA:48,2
DA:49,2
DA:50,2
DA:51,2
DA:52,2
DA:54,2
DA:55,2
DA:56,2
DA:57,2
DA:58,4
DA:59,0
DA:60,0
DA:62,2
DA:63,2
DA:64,2
DA:65,2
DA:74,2
DA:75,4
DA:76,2
DA:77,6
DA:79,2
DA:80,2
DA:81,2
DA:82,4
DA:84,2
DA:86,2
DA:87,2
DA:88,2
DA:90,2
DA:91,2
DA:93,6
DA:99,2
DA:101,6
DA:102,4
DA:108,6
DA:109,1
DA:114,1
DA:115,2
DA:116,1
DA:118,1
DA:120,1
DA:121,1
DA:124,2
DA:127,1
DA:129,3
DA:130,2
DA:141,2
DA:142,8
DA:143,8
DA:145,2
DA:147,2
DA:148,4
DA:149,2
DA:151,6
DA:157,2
DA:159,2
DA:160,2
DA:161,2
DA:162,4
DA:163,2
DA:171,0
DA:172,0
DA:173,0
DA:178,0
DA:180,0
DA:181,0
DA:182,0
DA:184,0
DA:188,0
DA:190,0
DA:191,0
DA:194,0
DA:196,0
DA:200,0
DA:203,0
DA:205,0
DA:206,0
DA:207,0
DA:208,0
DA:209,0
DA:211,0
DA:215,0
DA:216,0
DA:217,0
DA:222,0
DA:232,2
DA:233,4
DA:234,2
DA:237,4
DA:239,2
DA:242,4
DA:243,2
DA:248,2
DA:249,4
DA:250,2
DA:252,2
DA:253,2
DA:254,6
DA:255,4
DA:260,2
DA:265,2
DA:266,2
DA:267,2
DA:268,2
DA:269,2
DA:273,4
DA:277,2
DA:278,2
DA:279,2
DA:283,4
DA:285,6
DA:288,2
DA:289,4
DA:290,2
DA:291,2
DA:293,2
DA:294,2
DA:305,2
DA:313,2
DA:314,0
DA:317,2
DA:322,2
DA:324,2
DA:325,4
DA:326,2
DA:328,2
DA:330,2
DA:331,2
DA:335,2
DA:336,4
DA:339,2
DA:340,2
DA:341,2
DA:342,6
DA:344,2
DA:345,4
DA:359,2
DA:360,4
DA:363,4
DA:364,2
DA:366,1
DA:368,0
DA:370,2
DA:375,2
DA:376,4
DA:377,2
DA:379,2
DA:381,2
DA:382,2
DA:388,2
DA:389,2
DA:390,5
DA:391,6
DA:405,2
DA:411,2
DA:412,0
DA:415,2
DA:420,2
DA:421,4
DA:422,2
DA:424,2
DA:427,4
DA:434,0
DA:435,0
DA:436,0
DA:441,2
DA:442,8
DA:443,0
DA:444,0
DA:445,0
DA:446,0
DA:447,0
DA:451,2
DA:454,6
DA:455,2
DA:456,2
DA:458,4
DA:459,2
DA:460,4
DA:461,0
DA:462,4
DA:463,0
DA:470,2
DA:471,2
DA:472,3
DA:473,2
DA:474,3
DA:476,2
DA:480,2
DA:482,4
DA:483,4
DA:484,2
DA:488,2
DA:489,2
DA:491,4
DA:492,4
DA:493,6
DA:496,12
LF:204
LH:164
end_of_record
SF:lib/src/features/entries/widgets/entry_card_short.dart
DA:29,1
DA:37,1
DA:39,1
DA:41,1
DA:42,1
DA:46,1
DA:47,1
DA:48,1
DA:49,1
DA:50,1
DA:51,1
DA:53,1
DA:54,1
DA:55,1
DA:56,1
DA:57,2
DA:58,0
DA:59,0
DA:61,1
DA:62,1
DA:71,1
DA:72,2
DA:73,1
DA:74,3
DA:76,1
DA:77,1
DA:78,1
DA:79,2
DA:81,1
DA:83,1
DA:84,1
DA:85,1
DA:87,1
DA:88,1
DA:90,3
DA:96,1
DA:98,3
DA:99,2
DA:105,3
DA:106,1
DA:109,2
DA:116,1
DA:117,4
DA:118,4
DA:120,1
DA:122,1
DA:123,2
DA:124,1
DA:126,3
DA:132,1
DA:134,1
DA:135,1
DA:136,1
DA:137,2
DA:138,1
DA:146,0
DA:147,0
DA:148,0
DA:152,0
DA:153,0
DA:155,0
DA:159,0
DA:161,0
DA:162,0
DA:165,0
DA:167,0
DA:173,1
DA:174,1
DA:175,1
DA:176,1
DA:180,2
DA:182,1
DA:183,1
DA:187,2
DA:188,3
DA:190,1
DA:191,2
DA:192,1
DA:193,1
DA:194,5
DA:195,1
DA:201,1
DA:208,1
DA:210,1
DA:211,1
DA:215,2
DA:216,2
DA:219,1
DA:220,1
DA:221,3
DA:223,2
DA:224,2
DA:232,1
DA:233,2
DA:236,2
DA:237,1
DA:239,1
DA:241,0
DA:243,1
DA:245,1
DA:246,1
DA:252,1
DA:253,3
DA:254,3
DA:264,1
DA:265,2
DA:266,1
DA:268,2
DA:270,1
DA:272,2
DA:273,1
DA:279,1
DA:280,2
DA:281,1
DA:283,1
DA:284,1
DA:285,3
DA:286,2
DA:290,1
DA:295,0
DA:296,0
DA:297,0
DA:302,1
DA:303,4
DA:304,0
DA:305,0
DA:306,0
DA:307,0
DA:311,1
DA:314,3
DA:315,1
DA:316,1
DA:318,2
DA:319,0
DA:320,2
DA:321,0
DA:322,2
DA:323,0
DA:330,1
DA:331,1
DA:332,3
DA:333,1
DA:334,3
DA:336,1
DA:340,1
DA:342,2
DA:343,2
DA:344,1
DA:348,1
DA:349,1
DA:351,2
DA:352,2
DA:353,3
DA:356,6
LF:154
LH:130
end_of_record
SF:lib/src/core/services/draft_storage_service.dart
DA:22,1
DA:24,1
DA:29,0
DA:31,0
DA:32,0
DA:34,0
DA:36,0
DA:47,1
DA:50,1
DA:51,0
DA:52,0
DA:54,1
DA:55,2
DA:57,1
DA:59,2
DA:63,1
DA:68,0
DA:72,4
DA:73,2
DA:74,1
DA:75,0
DA:78,0
DA:79,0
DA:81,0
DA:82,0
DA:84,0
DA:85,0
DA:87,0
DA:88,0
DA:92,3
DA:101,1
DA:103,2
DA:105,2
DA:109,1
DA:111,2
DA:112,1
DA:116,2
DA:119,3
DA:127,1
DA:129,2
DA:131,3
DA:142,1
DA:144,2
DA:145,2
DA:147,3
DA:155,1
DA:157,2
DA:162,1
DA:167,1
DA:168,0
DA:169,0
DA:170,1
DA:171,1
DA:172,1
DA:173,1
DA:174,1
DA:175,1
DA:178,1
DA:179,2
DA:182,0
DA:183,0
DA:184,0
DA:185,0
DA:188,3
DA:194,1
DA:196,2
DA:197,2
DA:199,3
DA:206,1
DA:221,1
DA:234,2
DA:237,1
DA:239,0
DA:249,1
DA:251,1
DA:253,1
DA:254,1
DA:255,1
DA:256,3
DA:257,1
DA:258,1
DA:259,1
DA:260,1
DA:261,1
DA:262,1
DA:263,3
DA:264,1
DA:265,1
DA:268,3
LF:89
LH:65
end_of_record
SF:lib/src/core/utils/snackbar_utils.dart
DA:14,1
DA:20,1
DA:37,1
DA:43,1
DA:60,1
DA:66,1
DA:83,1
DA:89,1
DA:109,1
DA:118,1
DA:130,1
DA:139,1
DA:142,1
DA:144,1
DA:145,1
DA:146,1
DA:147,1
DA:148,1
DA:155,1
DA:156,1
DA:158,1
DA:170,1
DA:171,1
DA:177,1
DA:184,1
DA:189,3
DA:190,1
DA:196,1
DA:205,1
DA:210,1
DA:213,1
DA:214,2
DA:215,4
DA:218,1
DA:220,1
DA:225,1
DA:227,1
DA:229,1
DA:243,1
DA:246,2
DA:247,1
LF:41
LH:41
end_of_record
SF:lib/src/core/widgets/dialogs/app_dialog.dart
DA:17,1
DA:24,3
DA:25,1
DA:33,1
DA:53,1
DA:63,1
DA:64,1
DA:66,1
DA:67,2
DA:68,1
DA:72,1
DA:74,0
DA:75,0
DA:76,0
DA:82,1
DA:96,1
DA:101,3
DA:102,1
DA:108,1
DA:117,1
DA:124,1
DA:127,2
DA:128,1
DA:129,1
DA:130,3
DA:131,1
DA:132,2
DA:133,1
DA:139,1
DA:146,1
DA:149,2
DA:150,1
DA:151,1
DA:152,1
DA:153,0
DA:154,0
DA:155,0
DA:156,1
DA:162,1
DA:167,1
DA:170,2
DA:171,1
DA:173,1
DA:175,1
DA:177,1
DA:186,1
DA:191,1
DA:194,2
DA:195,1
DA:197,1
DA:199,1
DA:201,1
DA:221,1
LF:53
LH:47
end_of_record
SF:lib/src/core/widgets/buttons/text_button.dart
DA:43,1
DA:59,1
DA:74,1
DA:88,1
DA:90,1
DA:91,1
DA:94,3
DA:97,1
DA:98,1
DA:99,1
DA:101,1
DA:102,2
DA:103,1
DA:104,1
DA:105,1
DA:106,1
DA:107,1
DA:108,1
DA:109,1
DA:110,1
DA:117,3
DA:118,1
DA:119,1
DA:123,1
DA:128,1
DA:129,1
DA:130,1
DA:133,1
DA:135,1
DA:136,1
DA:137,2
DA:138,0
DA:144,1
DA:147,1
DA:148,1
DA:149,1
DA:150,1
DA:151,1
DA:154,1
DA:158,1
DA:159,1
DA:160,1
DA:161,1
DA:167,1
DA:168,1
DA:169,1
DA:170,1
DA:171,1
DA:172,1
DA:177,1
DA:178,1
DA:180,2
DA:181,1
DA:182,1
DA:185,1
DA:189,1
DA:190,2
DA:193,1
DA:194,1
DA:195,2
DA:196,2
DA:200,1
DA:201,2
DA:204,1
DA:205,2
DA:206,1
DA:207,2
DA:208,2
DA:210,1
DA:211,2
DA:213,0
LF:71
LH:69
end_of_record
SF:lib/src/core/widgets/buttons/secondary_button.dart
DA:39,1
DA:54,1
DA:68,1
DA:81,1
DA:83,1
DA:84,1
DA:87,3
DA:90,1
DA:91,1
DA:92,1
DA:94,1
DA:95,2
DA:96,1
DA:97,1
DA:98,1
DA:99,1
DA:100,1
DA:101,1
DA:102,1
DA:104,1
DA:105,2
DA:114,3
DA:115,1
DA:116,1
DA:120,1
DA:125,1
DA:126,1
DA:127,1
DA:130,1
DA:132,1
DA:133,2
DA:139,1
DA:142,1
DA:143,1
DA:144,1
DA:145,1
DA:146,1
DA:149,1
DA:153,1
DA:154,1
DA:155,1
DA:156,1
DA:162,1
DA:163,1
DA:164,1
DA:165,1
DA:166,1
DA:167,1
DA:172,1
DA:173,1
DA:175,2
DA:176,1
DA:177,1
DA:180,1
DA:184,1
DA:185,2
DA:188,1
DA:189,1
DA:190,2
DA:191,2
DA:195,1
DA:196,2
DA:199,1
DA:200,2
DA:201,3
DA:202,0
LF:66
LH:65
end_of_record
SF:lib/src/core/widgets/loaders/app_loader.dart
DA:27,1
DA:36,1
DA:38,1
DA:39,1
DA:40,1
DA:41,1
DA:42,1
DA:43,1
DA:44,1
DA:45,3
DA:50,1
DA:54,1
DA:56,1
DA:57,1
DA:58,1
DA:60,1
DA:61,1
DA:62,3
DA:63,2
DA:71,1
DA:72,1
LF:21
LH:21
end_of_record
